2024-09-25 08:56:36,017 [INFO] Activator:176 - 


2024-09-25 08:56:36,021 [INFO] Activator:177 - !SESSION log4j initialized
2024-09-25 08:56:40,211 [INFO] LogOutputStream:77 - [STDOUT_REDIRECT] 
2024-09-25 08:56:40,996 [INFO] ApplicationProperties:184 - Using Application install path: /opt/st/stm32cubeide_1.16.0/plugins/com.st.stm32cube.common.mx_6.12.0.202406281431
2024-09-25 08:56:41,012 [INFO] DbMcusXml:78 - Set database path to: /opt/st/stm32cubeide_1.16.0/plugins/com.st.stm32cube.common.mx_6.12.0.202406281431//db//mcu/
2024-09-25 08:56:41,013 [INFO] ApiDb:274 - Set plugin database path to: /opt/st/stm32cubeide_1.16.0/plugins/com.st.stm32cube.common.mx_6.12.0.202406281431//db//plugins/boardmanager/
2024-09-25 08:56:41,013 [WARN] ApiDb:259 - Overriding images path with different value:  => /opt/st/stm32cubeide_1.16.0/plugins/com.st.stm32cube.common.mx_6.12.0.202406281431//db//plugins/mcufinder/images/
2024-09-25 08:56:41,023 [INFO] ApiDb:250 - Set database path to: /home/dnk121/.stmcufinder/plugins/mcufinder//mcu/
2024-09-25 08:56:41,025 [INFO] DbMcusAds:125 - Set database path to: /home/dnk121/.stmcufinder/plugins/mcufinder//mcu/
2024-09-25 08:56:41,027 [INFO] CrossReferenceDbSqlite:203 - Set database path to: /home/dnk121/.stmcufinder/plugins/mcufinder//mcu/cs/
2024-09-25 08:56:41,131 [INFO] RulesReader:64 - Compatibility file has been processed (297 Rules)
2024-09-25 08:56:41,208 [INFO] DbMcusXml:78 - Set database path to: /opt/st/stm32cubeide_1.16.0/plugins/com.st.stm32cube.common.mx_6.12.0.202406281431//db//mcu/
2024-09-25 08:56:41,209 [INFO] ApiDb:274 - Set plugin database path to: /opt/st/stm32cubeide_1.16.0/plugins/com.st.stm32cube.common.mx_6.12.0.202406281431//db//plugins/boardmanager/
2024-09-25 08:56:41,209 [INFO] ApiDb:261 - Set plugin images path to: /opt/st/stm32cubeide_1.16.0/plugins/com.st.stm32cube.common.mx_6.12.0.202406281431//db//plugins/mcufinder/images/
2024-09-25 08:56:41,209 [WARN] DbFile:41 - Overriding database path with different value: /home/dnk121/.stmcufinder/plugins/mcufinder/ => /home/dnk121/.stmcufinder/plugins/mcufinder
2024-09-25 08:56:41,209 [INFO] ApiDb:250 - Set database path to: /home/dnk121/.stmcufinder/plugins/mcufinder//mcu/
2024-09-25 08:56:41,209 [WARN] DbFile:41 - Overriding database path with different value: /home/dnk121/.stmcufinder/plugins/mcufinder/ => /home/dnk121/.stmcufinder/plugins/mcufinder
2024-09-25 08:56:41,210 [INFO] DbMcusAds:125 - Set database path to: /home/dnk121/.stmcufinder/plugins/mcufinder//mcu/
2024-09-25 08:56:41,210 [WARN] DbFile:41 - Overriding database path with different value: /home/dnk121/.stmcufinder/plugins/mcufinder/ => /home/dnk121/.stmcufinder/plugins/mcufinder
2024-09-25 08:56:41,210 [WARN] DbFile:41 - Overriding database path with different value: /home/dnk121/.stmcufinder/plugins/mcufinder/ => /home/dnk121/.stmcufinder/plugins/mcufinder
2024-09-25 08:56:41,210 [INFO] CrossReferenceDbSqlite:203 - Set database path to: /home/dnk121/.stmcufinder/plugins/mcufinder//mcu/cs/
2024-09-25 08:56:41,276 [INFO] MainPanel:268 - HeapMemory: 268435456
2024-09-25 08:56:41,465 [INFO] DbMcusXml:78 - Set database path to: /opt/st/stm32cubeide_1.16.0/plugins/com.st.stm32cube.common.mx_6.12.0.202406281431//db//mcu/
2024-09-25 08:56:41,465 [INFO] ApiDb:274 - Set plugin database path to: /opt/st/stm32cubeide_1.16.0/plugins/com.st.stm32cube.common.mx_6.12.0.202406281431//db//plugins/boardmanager/
2024-09-25 08:56:41,465 [INFO] ApiDb:261 - Set plugin images path to: /opt/st/stm32cubeide_1.16.0/plugins/com.st.stm32cube.common.mx_6.12.0.202406281431//db//plugins/mcufinder/images/
2024-09-25 08:56:41,466 [WARN] DbFile:41 - Overriding database path with different value: /home/dnk121/.stmcufinder/plugins/mcufinder/ => /home/dnk121/.stmcufinder/plugins/mcufinder
2024-09-25 08:56:41,466 [INFO] ApiDb:250 - Set database path to: /home/dnk121/.stmcufinder/plugins/mcufinder//mcu/
2024-09-25 08:56:41,466 [WARN] DbFile:41 - Overriding database path with different value: /home/dnk121/.stmcufinder/plugins/mcufinder/ => /home/dnk121/.stmcufinder/plugins/mcufinder
2024-09-25 08:56:41,466 [INFO] DbMcusAds:125 - Set database path to: /home/dnk121/.stmcufinder/plugins/mcufinder//mcu/
2024-09-25 08:56:41,466 [WARN] DbFile:41 - Overriding database path with different value: /home/dnk121/.stmcufinder/plugins/mcufinder/ => /home/dnk121/.stmcufinder/plugins/mcufinder
2024-09-25 08:56:41,466 [WARN] DbFile:41 - Overriding database path with different value: /home/dnk121/.stmcufinder/plugins/mcufinder/ => /home/dnk121/.stmcufinder/plugins/mcufinder
2024-09-25 08:56:41,466 [INFO] CrossReferenceDbSqlite:203 - Set database path to: /home/dnk121/.stmcufinder/plugins/mcufinder//mcu/cs/
2024-09-25 08:56:41,481 [INFO] ApplicationProperties:184 - Using Application install path: /opt/st/stm32cubeide_1.16.0/plugins/com.st.stm32cube.common.mx_6.12.0.202406281431
2024-09-25 08:56:41,482 [INFO] PluginManage:196 - Search for loadable plugins [exclusion list=, ]
2024-09-25 08:56:41,484 [INFO] PluginManage:310 - Check plugin analytics
2024-09-25 08:56:41,608 [INFO] AnalyticsPlugin:253 - Accepted Software Licenses: 
2024-09-25 08:56:41,608 [INFO] AnalyticsPlugin:255 - Accepted CMSIS Pack Licenses: 
2024-09-25 08:56:41,608 [INFO] AnalyticsPlugin:257 - Accepted Firmware Licenses: FW.L4.1.18.0
2024-09-25 08:56:41,610 [INFO] PluginManage:359 - Loaded plugin analytics (category:tool,tabindex:-1)
2024-09-25 08:56:41,611 [INFO] PluginManage:310 - Check plugin cadmodel
2024-09-25 08:56:41,616 [INFO] CADModel:105 - Init CAD model plugin
2024-09-25 08:56:41,616 [INFO] PluginManage:359 - Loaded plugin cadmodel (category:power,tabindex:5)
2024-09-25 08:56:41,616 [INFO] PluginManage:310 - Check plugin clock
2024-09-25 08:56:41,625 [INFO] PluginManage:359 - Loaded plugin clock (category:base,tabindex:2)
2024-09-25 08:56:41,625 [INFO] PluginManage:310 - Check plugin ddr
2024-09-25 08:56:41,627 [INFO] PluginManage:359 - Loaded plugin ddr (category:tool,tabindex:6)
2024-09-25 08:56:41,628 [INFO] PluginManage:310 - Check plugin filemanager
2024-09-25 08:56:41,769 [INFO] PluginManage:359 - Loaded plugin filemanager (category:base,tabindex:10)
2024-09-25 08:56:41,769 [INFO] PluginManage:310 - Check plugin ipmanager
2024-09-25 08:56:41,778 [INFO] PluginManage:359 - Loaded plugin ipmanager (category:base,tabindex:5)
2024-09-25 08:56:41,778 [INFO] PluginManage:310 - Check plugin lpbam
2024-09-25 08:56:41,788 [INFO] PluginManage:359 - Loaded plugin lpbam (category:base,tabindex:0)
2024-09-25 08:56:41,788 [INFO] PluginManage:310 - Check plugin memorymap
2024-09-25 08:56:41,801 [INFO] PluginManage:359 - Loaded plugin memorymap (category:base,tabindex:4)
2024-09-25 08:56:41,801 [INFO] PluginManage:310 - Check plugin pinoutandconfiguration
2024-09-25 08:56:41,812 [INFO] PluginManage:359 - Loaded plugin pinoutandconfiguration (category:base,tabindex:1)
2024-09-25 08:56:41,812 [INFO] PluginManage:310 - Check plugin pinoutconfig
2024-09-25 08:56:41,889 [WARN] SupportedApi:132 - Cannot load RTOS API schema: s4s-elt-must-match.1: The content of 'definitions' must match (annotation?, (simpleType | complexType)?, (unique | key | keyref)*)). A problem was found starting at: attribute.
2024-09-25 08:56:42,007 [INFO] PluginManage:359 - Loaded plugin pinoutconfig (category:base,tabindex:0)
2024-09-25 08:56:42,007 [INFO] PluginManage:310 - Check plugin power
2024-09-25 08:56:42,018 [INFO] PluginManage:359 - Loaded plugin power (category:power,tabindex:4)
2024-09-25 08:56:42,018 [INFO] PluginManage:310 - Check plugin projectmanager
2024-09-25 08:56:42,034 [INFO] PluginManage:359 - Loaded plugin projectmanager (category:projectmanager,tabindex:4)
2024-09-25 08:56:42,035 [INFO] PluginManage:310 - Check plugin rif
2024-09-25 08:56:42,041 [INFO] PluginManage:359 - Loaded plugin rif (category:base,tabindex:3)
2024-09-25 08:56:42,041 [INFO] PluginManage:310 - Check plugin thirdparty
2024-09-25 08:56:42,158 [INFO] PluginManage:359 - Loaded plugin thirdparty (category:base,tabindex:-1)
2024-09-25 08:56:42,158 [WARN] IntegrityCheckThread:84 - waiting for thirdparty lock release [integrity check]
2024-09-25 08:56:42,158 [INFO] IntegrityCheckThread:86 - entering critical section [integrity check]
2024-09-25 08:56:42,158 [INFO] PluginManage:310 - Check plugin tools
2024-09-25 08:56:42,158 [INFO] ThirdPartyUpdaterWithRetryManager:70 - Updater plugin not ready yet. [1/15]
2024-09-25 08:56:42,160 [INFO] PluginManage:359 - Loaded plugin tools (category:base,tabindex:7)
2024-09-25 08:56:42,160 [INFO] PluginManage:310 - Check plugin tutovideos
2024-09-25 08:56:42,298 [INFO] PluginManage:359 - Loaded plugin tutovideos (category:base,tabindex:-1)
2024-09-25 08:56:42,298 [INFO] PluginManage:310 - Check plugin updater
2024-09-25 08:56:42,312 [INFO] PluginManage:359 - Loaded plugin updater (category:base,tabindex:12)
2024-09-25 08:56:42,312 [INFO] PluginManage:310 - Check plugin userauth
2024-09-25 08:56:42,317 [INFO] UserAuth:113 - Init User Auth plugin
2024-09-25 08:56:42,317 [INFO] PluginManage:359 - Loaded plugin userauth (category:base,tabindex:14)
2024-09-25 08:56:42,318 [INFO] PluginManage:283 - PluginManage : Loaded plugins [18]
2024-09-25 08:56:42,481 [INFO] PinOutPanel:1561 - setPackage(No Configuration,No Configuration)
2024-09-25 08:56:42,557 [INFO] CADModel:165 - CPN selected for project level
2024-09-25 08:56:42,558 [INFO] CADModel:114 - Register for checkConnection events
2024-09-25 08:56:42,567 [INFO] IPUIPlugin:80 - create IPUIPlugin
2024-09-25 08:56:42,567 [INFO] PluginManager:220 - loadIPPluginJar : add dfsdm
2024-09-25 08:56:42,569 [INFO] IPUIPlugin:80 - create IPUIPlugin
2024-09-25 08:56:42,569 [INFO] PluginManager:220 - loadIPPluginJar : add ts
2024-09-25 08:56:42,571 [INFO] IPUIPlugin:80 - create IPUIPlugin
2024-09-25 08:56:42,571 [INFO] PluginManager:220 - loadIPPluginJar : add ucpd
2024-09-25 08:56:42,572 [INFO] IPUIPlugin:80 - create IPUIPlugin
2024-09-25 08:56:42,572 [INFO] PluginManager:220 - loadIPPluginJar : add comp
2024-09-25 08:56:42,576 [INFO] IPUIPlugin:80 - create IPUIPlugin
2024-09-25 08:56:42,577 [INFO] PluginManager:220 - loadIPPluginJar : add can
2024-09-25 08:56:42,579 [INFO] IPUIPlugin:80 - create IPUIPlugin
2024-09-25 08:56:42,579 [INFO] PluginManager:220 - loadIPPluginJar : add dma3
2024-09-25 08:56:42,586 [INFO] IPUIPlugin:80 - create IPUIPlugin
2024-09-25 08:56:42,586 [INFO] PluginManager:220 - loadIPPluginJar : add linkedlist
2024-09-25 08:56:42,588 [INFO] IPUIPlugin:80 - create IPUIPlugin
2024-09-25 08:56:42,588 [INFO] PluginManager:220 - loadIPPluginJar : add extmemmanager
2024-09-25 08:56:42,593 [INFO] IPUIPlugin:80 - create IPUIPlugin
2024-09-25 08:56:42,593 [INFO] PluginManager:220 - loadIPPluginJar : add dma
2024-09-25 08:56:42,595 [INFO] IPUIPlugin:80 - create IPUIPlugin
2024-09-25 08:56:42,596 [INFO] PluginManager:220 - loadIPPluginJar : add gfxmmu
2024-09-25 08:56:42,598 [INFO] IPUIPlugin:80 - create IPUIPlugin
2024-09-25 08:56:42,598 [INFO] PluginManager:220 - loadIPPluginJar : add aes
2024-09-25 08:56:42,602 [INFO] IPUIPlugin:80 - create IPUIPlugin
2024-09-25 08:56:42,603 [INFO] PluginManager:220 - loadIPPluginJar : add fmc
2024-09-25 08:56:42,605 [INFO] IPUIPlugin:80 - create IPUIPlugin
2024-09-25 08:56:42,605 [INFO] PluginManager:220 - loadIPPluginJar : add usbx
2024-09-25 08:56:42,607 [INFO] IPUIPlugin:80 - create IPUIPlugin
2024-09-25 08:56:42,607 [INFO] PluginManager:220 - loadIPPluginJar : add openamp
2024-09-25 08:56:42,609 [INFO] IPUIPlugin:80 - create IPUIPlugin
2024-09-25 08:56:42,609 [INFO] PluginManager:220 - loadIPPluginJar : add usart
2024-09-25 08:56:42,615 [INFO] IPUIPlugin:80 - create IPUIPlugin
2024-09-25 08:56:42,615 [INFO] PluginManager:220 - loadIPPluginJar : add stm32_wpan
2024-09-25 08:56:42,618 [INFO] IPUIPlugin:80 - create IPUIPlugin
2024-09-25 08:56:42,618 [INFO] PluginManager:220 - loadIPPluginJar : add ddr_ctrl_phy
2024-09-25 08:56:42,623 [INFO] IPUIPlugin:80 - create IPUIPlugin
2024-09-25 08:56:42,623 [INFO] PluginManager:220 - loadIPPluginJar : add freertos
2024-09-25 08:56:42,626 [INFO] IPUIPlugin:80 - create IPUIPlugin
2024-09-25 08:56:42,627 [INFO] PluginManager:220 - loadIPPluginJar : add gic
2024-09-25 08:56:42,629 [INFO] IPUIPlugin:80 - create IPUIPlugin
2024-09-25 08:56:42,629 [INFO] PluginManager:220 - loadIPPluginJar : add opamp
2024-09-25 08:56:42,630 [INFO] IPUIPlugin:80 - create IPUIPlugin
2024-09-25 08:56:42,631 [INFO] PluginManager:220 - loadIPPluginJar : add quadspi
2024-09-25 08:56:42,633 [INFO] IPUIPlugin:80 - create IPUIPlugin
2024-09-25 08:56:42,633 [INFO] PluginManager:220 - loadIPPluginJar : add i2s
2024-09-25 08:56:42,634 [INFO] IPUIPlugin:80 - create IPUIPlugin
2024-09-25 08:56:42,634 [INFO] PluginManager:220 - loadIPPluginJar : add tsc
2024-09-25 08:56:42,636 [INFO] IPUIPlugin:80 - create IPUIPlugin
2024-09-25 08:56:42,636 [INFO] PluginManager:220 - loadIPPluginJar : add i3c
2024-09-25 08:56:42,640 [INFO] IPUIPlugin:80 - create IPUIPlugin
2024-09-25 08:56:42,640 [INFO] PluginManager:220 - loadIPPluginJar : add nvic
2024-09-25 08:56:42,644 [INFO] IPUIPlugin:80 - create IPUIPlugin
2024-09-25 08:56:42,644 [INFO] PluginManager:220 - loadIPPluginJar : add resmgrutility
2024-09-25 08:56:42,647 [INFO] IPUIPlugin:80 - create IPUIPlugin
2024-09-25 08:56:42,647 [INFO] PluginManager:220 - loadIPPluginJar : add spi
2024-09-25 08:56:42,650 [INFO] IPUIPlugin:80 - create IPUIPlugin
2024-09-25 08:56:42,650 [INFO] PluginManager:220 - loadIPPluginJar : add gtzc
2024-09-25 08:56:42,651 [INFO] IPUIPlugin:80 - create IPUIPlugin
2024-09-25 08:56:42,651 [INFO] PluginManager:220 - loadIPPluginJar : add ltdc
2024-09-25 08:56:42,653 [INFO] IPUIPlugin:80 - create IPUIPlugin
2024-09-25 08:56:42,653 [INFO] PluginManager:220 - loadIPPluginJar : add i2c
2024-09-25 08:56:42,656 [INFO] IPUIPlugin:80 - create IPUIPlugin
2024-09-25 08:56:42,656 [INFO] PluginManager:220 - loadIPPluginJar : add sai
2024-09-25 08:56:42,662 [INFO] IPUIPlugin:80 - create IPUIPlugin
2024-09-25 08:56:42,662 [INFO] PluginManager:220 - loadIPPluginJar : add adc
2024-09-25 08:56:42,665 [INFO] IPUIPlugin:80 - create IPUIPlugin
2024-09-25 08:56:42,665 [INFO] PluginManager:220 - loadIPPluginJar : add pdm2pcm
2024-09-25 08:56:42,668 [INFO] IPUIPlugin:80 - create IPUIPlugin
2024-09-25 08:56:42,668 [INFO] PluginManager:220 - loadIPPluginJar : add cryp
2024-09-25 08:56:42,670 [INFO] IPUIPlugin:80 - create IPUIPlugin
2024-09-25 08:56:42,670 [INFO] PluginManager:220 - loadIPPluginJar : add touchsensing
2024-09-25 08:56:42,672 [INFO] IPUIPlugin:80 - create IPUIPlugin
2024-09-25 08:56:42,672 [INFO] PluginManager:220 - loadIPPluginJar : add tim
2024-09-25 08:56:42,673 [INFO] IPUIPlugin:80 - create IPUIPlugin
2024-09-25 08:56:42,673 [INFO] PluginManager:220 - loadIPPluginJar : add fatfs
2024-09-25 08:56:42,675 [INFO] IPUIPlugin:80 - create IPUIPlugin
2024-09-25 08:56:42,675 [INFO] PluginManager:220 - loadIPPluginJar : add hash
2024-09-25 08:56:42,680 [INFO] IPUIPlugin:80 - create IPUIPlugin
2024-09-25 08:56:42,681 [INFO] PluginManager:220 - loadIPPluginJar : add gpio
2024-09-25 08:56:42,682 [INFO] IPUIPlugin:80 - create IPUIPlugin
2024-09-25 08:56:42,682 [INFO] PluginManager:220 - loadIPPluginJar : add genericplugin
2024-09-25 08:56:42,684 [INFO] IPUIPlugin:80 - create IPUIPlugin
2024-09-25 08:56:42,684 [INFO] PluginManager:220 - loadIPPluginJar : add lorawan
2024-09-25 08:56:42,686 [INFO] IPUIPlugin:80 - create IPUIPlugin
2024-09-25 08:56:42,686 [INFO] PluginManager:220 - loadIPPluginJar : add tracer_emb
2024-09-25 08:56:42,689 [INFO] IPUIPlugin:80 - create IPUIPlugin
2024-09-25 08:56:42,690 [INFO] PluginManager:220 - loadIPPluginJar : add ipddr
2024-09-25 08:56:42,691 [INFO] IPUIPlugin:80 - create IPUIPlugin
2024-09-25 08:56:42,691 [INFO] PluginManager:220 - loadIPPluginJar : add radio
2024-09-25 08:56:42,697 [INFO] IPUIPlugin:80 - create IPUIPlugin
2024-09-25 08:56:42,700 [INFO] PluginManager:220 - loadIPPluginJar : add plateformsettings
2024-09-25 08:56:42,706 [INFO] IPUIPlugin:80 - create IPUIPlugin
2024-09-25 08:56:42,706 [INFO] PluginManager:220 - loadIPPluginJar : add mdma
2024-09-25 08:56:42,803 [INFO] CADModel:165 - CPN selected for project level
2024-09-25 08:56:42,803 [INFO] CADModel:114 - Register for checkConnection events
2024-09-25 08:56:42,803 [FATAL] Updater:334 - Updater called before beeing initialized
2024-09-25 08:56:42,803 [ERROR] CADModel:125 - Updater not yet initialized, retry later 
2024-09-25 08:56:42,897 [INFO] CADModel:165 - CPN selected for project level
2024-09-25 08:56:42,897 [INFO] CADModel:114 - Register for checkConnection events
2024-09-25 08:56:42,897 [FATAL] Updater:334 - Updater called before beeing initialized
2024-09-25 08:56:42,898 [ERROR] CADModel:125 - Updater not yet initialized, retry later 
2024-09-25 08:56:42,901 [FATAL] Updater:334 - Updater called before beeing initialized
2024-09-25 08:56:42,962 [FATAL] Updater:334 - Updater called before beeing initialized
2024-09-25 08:56:42,967 [INFO] DbMcusAds:53 - JSON generation date=Fri Sep 20 18:34:23 IST 2024 (1726837463113)
2024-09-25 08:56:42,967 [FATAL] Updater:334 - Updater called before beeing initialized
2024-09-25 08:56:42,999 [WARN] DetailPanel:346 - Failed to get advertising image, set to default
2024-09-25 08:56:43,069 [FATAL] Updater:334 - Updater called before beeing initialized
2024-09-25 08:56:43,071 [FATAL] Updater:334 - Updater called before beeing initialized
2024-09-25 08:56:43,071 [FATAL] Updater:334 - Updater called before beeing initialized
2024-09-25 08:56:43,071 [WARN] DetailPanel:346 - Failed to get advertising image, set to default
2024-09-25 08:56:43,072 [FATAL] Updater:334 - Updater called before beeing initialized
2024-09-25 08:56:43,105 [ERROR] Updater:1164 - MainUpdater not yet initialized. External WinMGr cannot be set.
2024-09-25 08:56:43,117 [INFO] Updater:1100 - Updater Version found : 6.12.0
2024-09-25 08:56:43,134 [INFO] ApplicationProperties:184 - Using Application install path: /opt/st/stm32cubeide_1.16.0/plugins/com.st.stm32cube.common.mx_6.12.0.202406281431
2024-09-25 08:56:43,152 [ERROR] LogOutputStream:75 - [STDERR_REDIRECT] Sep 25, 2024 8:56:43 AM java.util.prefs.FileSystemPreferences$2 run
2024-09-25 08:56:43,153 [ERROR] LogOutputStream:75 - [STDERR_REDIRECT] WARNING: Could not create system preferences directory. System preferences are unusable.
2024-09-25 08:56:43,153 [ERROR] LogOutputStream:75 - [STDERR_REDIRECT] 
2024-09-25 08:56:43,532 [INFO] MainUpdater:2873 - connection check result : 10
2024-09-25 08:56:43,533 [INFO] MainUpdater:290 - Updater Check For Update Now.
2024-09-25 08:56:43,533 [INFO] MicroXplorer:498 - Change Database Version : DB.6.0.120
2024-09-25 08:56:43,546 [INFO] McuFinderGlobals:63 - Set McuFinder mode to 2 (CubeIDE integrated)
2024-09-25 08:56:43,548 [INFO] UserAuth:417 - Internet connection configuration mode: 1
2024-09-25 08:56:43,577 [INFO] JxBrowserEngine:152 - Initiate JxBrowser Engine with user profile folder
2024-09-25 08:56:43,790 [INFO] CheckServerUpdateThread:120 - End of CheckServer Thread
2024-09-25 08:56:44,832 [INFO] WebApp:167 - Instantiating new browser for Auth
2024-09-25 08:56:45,308 [WARN] PackLoader:240 - Cannot read IP mode file for STMicroelectronics.FP-SNS-MOTENVWB1.1.4.0
2024-09-25 08:56:45,319 [WARN] PackLoader:240 - Cannot read IP mode file for STMicroelectronics.X-CUBE-SMBUS.2.1.0
2024-09-25 08:56:45,346 [WARN] PackLoader:240 - Cannot read IP mode file for STMicroelectronics.X-CUBE-AZRTOS-F7.1.1.0
2024-09-25 08:56:45,436 [WARN] PackLoader:240 - Cannot read IP mode file for STMicroelectronics.X-CUBE-MEMS1.11.0.0
2024-09-25 08:56:45,660 [WARN] PackLoader:240 - Cannot read IP mode file for STMicroelectronics.FP-SNS-FLIGHT1.5.0.2
2024-09-25 08:56:45,671 [WARN] PackLoader:240 - Cannot read IP mode file for STMicroelectronics.X-CUBE-DISPLAY.3.0.0
2024-09-25 08:56:45,678 [WARN] PackLoader:240 - Cannot read IP mode file for STMicroelectronics.X-CUBE-BLE1.7.0.0
2024-09-25 08:56:45,684 [WARN] PackLoader:240 - Cannot read IP mode file for emotas.I-CUBE-CANOPEN.1.3.0
2024-09-25 08:56:45,695 [WARN] PackLoader:240 - Cannot read IP mode file for STMicroelectronics.X-CUBE-BLEMGR.3.1.0
2024-09-25 08:56:45,702 [WARN] PackLoader:240 - Cannot read IP mode file for STMicroelectronics.FP-SNS-SMARTAG2.1.2.0
2024-09-25 08:56:45,711 [INFO] WebApp:448 - Apply proxy settings
2024-09-25 08:56:45,712 [INFO] WebApp:533 - Chromium requires no authentication
2024-09-25 08:56:45,715 [INFO] LogOutputStream:77 - [STDOUT_REDIRECT] 1 : Invalid condition id : UX_CORESTACK_Condition cause : null
2024-09-25 08:56:45,717 [INFO] LogOutputStream:77 - [STDOUT_REDIRECT] 1 : Invalid condition id : UX_CORESTACK_Condition cause : null
2024-09-25 08:56:45,718 [INFO] LogOutputStream:77 - [STDOUT_REDIRECT] 1 : Invalid condition id : UX_CORESTACK_Condition cause : null
2024-09-25 08:56:45,719 [INFO] LogOutputStream:77 - [STDOUT_REDIRECT] 1 : Invalid condition id : UX_CORESTACK_Condition cause : null
2024-09-25 08:56:45,720 [INFO] LogOutputStream:77 - [STDOUT_REDIRECT] 1 : Invalid condition id : UX_CORESTACK_Condition cause : null
2024-09-25 08:56:45,720 [INFO] WebApp:476 - Direct internet connection detected
2024-09-25 08:56:45,724 [WARN] PackLoader:240 - Cannot read IP mode file for STMicroelectronics.X-CUBE-AZRTOS-WL.2.0.0
2024-09-25 08:56:45,730 [WARN] PackLoader:240 - Cannot read IP mode file for STMicroelectronics.FP-SNS-MOTENV1.5.0.0
2024-09-25 08:56:45,744 [WARN] PackLoader:240 - Cannot read IP mode file for wolfSSL.I-CUBE-wolfMQTT.1.19.0
2024-09-25 08:56:45,750 [WARN] PackLoader:240 - Cannot read IP mode file for WES.I-CUBE-Cesium.1.3.0
2024-09-25 08:56:45,752 [INFO] WebApp:869 - Register for checkConnection events
2024-09-25 08:56:45,752 [INFO] WebApp:448 - Apply proxy settings
2024-09-25 08:56:45,752 [INFO] WebApp:533 - Chromium requires no authentication
2024-09-25 08:56:45,754 [WARN] PackLoader:240 - Cannot read IP mode file for STMicroelectronics.X-CUBE-BLE2.3.3.0
2024-09-25 08:56:45,754 [INFO] WebApp:476 - Direct internet connection detected
2024-09-25 08:56:45,761 [WARN] PackLoader:240 - Cannot read IP mode file for STMicroelectronics.X-CUBE-TCPP.4.1.0
2024-09-25 08:56:45,794 [WARN] PackLoader:240 - Cannot read IP mode file for STMicroelectronics.X-CUBE-AZRTOS-G0.1.1.0
2024-09-25 08:56:45,805 [WARN] PackLoader:240 - Cannot read IP mode file for STMicroelectronics.X-CUBE-SAFEA1.1.2.2
2024-09-25 08:56:45,812 [WARN] PackLoader:240 - Cannot read IP mode file for STMicroelectronics.X-CUBE-NFC4.3.0.0
2024-09-25 08:56:45,827 [WARN] PackLoader:240 - Cannot read IP mode file for EmbeddedOffice.I-CUBE-FS-RTOS.1.0.1
2024-09-25 08:56:45,828 [ERROR] ConditionMgr:805 - Attr not supported : Dmpu
2024-09-25 08:56:45,829 [ERROR] ConditionMgr:805 - Attr not supported : Dmpu
2024-09-25 08:56:45,829 [ERROR] ConditionMgr:805 - Attr not supported : Dmpu
2024-09-25 08:56:45,829 [ERROR] ConditionMgr:805 - Attr not supported : Dmpu
2024-09-25 08:56:45,829 [ERROR] ConditionMgr:805 - Attr not supported : Dmpu
2024-09-25 08:56:45,829 [ERROR] ConditionMgr:805 - Attr not supported : Dmpu
2024-09-25 08:56:45,829 [ERROR] ConditionMgr:805 - Attr not supported : Dmpu
2024-09-25 08:56:45,829 [ERROR] ConditionMgr:805 - Attr not supported : Dmpu
2024-09-25 08:56:45,829 [ERROR] ConditionMgr:805 - Attr not supported : Dmpu
2024-09-25 08:56:45,829 [ERROR] ConditionMgr:805 - Attr not supported : Dmpu
2024-09-25 08:56:45,829 [ERROR] ConditionMgr:805 - Attr not supported : Dmpu
2024-09-25 08:56:45,829 [ERROR] ConditionMgr:805 - Attr not supported : Dmpu
2024-09-25 08:56:45,830 [ERROR] ConditionMgr:805 - Attr not supported : Dmpu
2024-09-25 08:56:45,830 [ERROR] ConditionMgr:805 - Attr not supported : Dmpu
2024-09-25 08:56:45,830 [ERROR] ConditionMgr:805 - Attr not supported : Dmpu
2024-09-25 08:56:45,830 [ERROR] ConditionMgr:805 - Attr not supported : Dmpu
2024-09-25 08:56:45,830 [ERROR] ConditionMgr:805 - Attr not supported : Dmpu
2024-09-25 08:56:45,830 [ERROR] ConditionMgr:805 - Attr not supported : Dmpu
2024-09-25 08:56:45,830 [ERROR] ConditionMgr:805 - Attr not supported : Dmpu
2024-09-25 08:56:45,830 [ERROR] ConditionMgr:805 - Attr not supported : Dmpu
2024-09-25 08:56:45,830 [ERROR] ConditionMgr:805 - Attr not supported : Dmpu
2024-09-25 08:56:45,830 [ERROR] ConditionMgr:805 - Attr not supported : Dmpu
2024-09-25 08:56:45,830 [ERROR] ConditionMgr:805 - Attr not supported : Dmpu
2024-09-25 08:56:45,830 [ERROR] ConditionMgr:805 - Attr not supported : Dmpu
2024-09-25 08:56:45,831 [ERROR] ConditionMgr:805 - Attr not supported : Dmpu
2024-09-25 08:56:45,831 [ERROR] ConditionMgr:805 - Attr not supported : Dmpu
2024-09-25 08:56:45,831 [ERROR] ConditionMgr:805 - Attr not supported : Dmpu
2024-09-25 08:56:45,831 [ERROR] ConditionMgr:805 - Attr not supported : Dmpu
2024-09-25 08:56:45,831 [ERROR] ConditionMgr:805 - Attr not supported : Dmpu
2024-09-25 08:56:45,831 [ERROR] ConditionMgr:805 - Attr not supported : Dmpu
2024-09-25 08:56:45,831 [ERROR] ConditionMgr:805 - Attr not supported : Dmpu
2024-09-25 08:56:45,831 [ERROR] ConditionMgr:805 - Attr not supported : Dmpu
2024-09-25 08:56:45,832 [ERROR] ConditionMgr:805 - Attr not supported : Dmpu
2024-09-25 08:56:45,832 [ERROR] ConditionMgr:805 - Attr not supported : Dmpu
2024-09-25 08:56:45,832 [ERROR] ConditionMgr:805 - Attr not supported : Dmpu
2024-09-25 08:56:45,832 [ERROR] ConditionMgr:805 - Attr not supported : Dmpu
2024-09-25 08:56:45,833 [ERROR] ConditionMgr:805 - Attr not supported : Dmpu
2024-09-25 08:56:45,833 [ERROR] ConditionMgr:805 - Attr not supported : Dmpu
2024-09-25 08:56:45,834 [ERROR] ConditionMgr:805 - Attr not supported : Dmpu
2024-09-25 08:56:45,834 [ERROR] ConditionMgr:805 - Attr not supported : Dmpu
2024-09-25 08:56:45,834 [ERROR] ConditionMgr:805 - Attr not supported : Dmpu
2024-09-25 08:56:45,834 [ERROR] ConditionMgr:805 - Attr not supported : Dmpu
2024-09-25 08:56:45,834 [ERROR] ConditionMgr:805 - Attr not supported : Dmpu
2024-09-25 08:56:45,834 [ERROR] ConditionMgr:805 - Attr not supported : Dmpu
2024-09-25 08:56:45,834 [ERROR] ConditionMgr:805 - Attr not supported : Dmpu
2024-09-25 08:56:45,834 [ERROR] ConditionMgr:805 - Attr not supported : Dmpu
2024-09-25 08:56:45,834 [ERROR] ConditionMgr:805 - Attr not supported : Dmpu
2024-09-25 08:56:45,834 [ERROR] ConditionMgr:805 - Attr not supported : Dmpu
2024-09-25 08:56:45,835 [ERROR] ConditionMgr:805 - Attr not supported : Dmpu
2024-09-25 08:56:45,835 [ERROR] ConditionMgr:805 - Attr not supported : Dmpu
2024-09-25 08:56:45,835 [ERROR] ConditionMgr:805 - Attr not supported : Dmpu
2024-09-25 08:56:45,835 [ERROR] ConditionMgr:805 - Attr not supported : Dmpu
2024-09-25 08:56:45,835 [ERROR] ConditionMgr:805 - Attr not supported : Dmpu
2024-09-25 08:56:45,835 [ERROR] ConditionMgr:805 - Attr not supported : Dmpu
2024-09-25 08:56:45,835 [ERROR] ConditionMgr:805 - Attr not supported : Dmpu
2024-09-25 08:56:45,835 [ERROR] ConditionMgr:805 - Attr not supported : Dmpu
2024-09-25 08:56:45,835 [ERROR] ConditionMgr:805 - Attr not supported : Dmpu
2024-09-25 08:56:45,835 [ERROR] ConditionMgr:805 - Attr not supported : Dmpu
2024-09-25 08:56:45,835 [ERROR] ConditionMgr:805 - Attr not supported : Dmpu
2024-09-25 08:56:45,835 [ERROR] ConditionMgr:805 - Attr not supported : Dmpu
2024-09-25 08:56:45,836 [ERROR] ConditionMgr:805 - Attr not supported : Dmpu
2024-09-25 08:56:45,836 [ERROR] ConditionMgr:805 - Attr not supported : Dmpu
2024-09-25 08:56:45,836 [ERROR] ConditionMgr:805 - Attr not supported : Dmpu
2024-09-25 08:56:45,836 [ERROR] ConditionMgr:805 - Attr not supported : Dmpu
2024-09-25 08:56:45,840 [WARN] PackLoader:240 - Cannot read IP mode file for RealThread.X-CUBE-RT-Thread_Nano.4.1.1
2024-09-25 08:56:45,844 [WARN] PackLoader:240 - Cannot read IP mode file for STMicroelectronics.FP-ATR-SIGFOX1.3.2.0
2024-09-25 08:56:45,847 [WARN] PackLoader:240 - Cannot read IP mode file for wolfSSL.I-CUBE-wolfSSL.5.7.2
2024-09-25 08:56:45,853 [WARN] PackLoader:240 - Cannot read IP mode file for STMicroelectronics.X-CUBE-EEPRMA1.5.1.0
2024-09-25 08:56:45,859 [WARN] PackLoader:240 - Cannot read IP mode file for ITTIA_DB.I-CUBE-ITTIADB.8.9.0
2024-09-25 08:56:45,900 [WARN] PackLoader:240 - Cannot read IP mode file for SEGGER.I-CUBE-embOS.1.3.1
2024-09-25 08:56:45,962 [WARN] PackLoader:240 - Cannot read IP mode file for STMicroelectronics.X-CUBE-ALGOBUILD.1.4.0
2024-09-25 08:56:45,967 [WARN] PackLoader:240 - Cannot read IP mode file for STMicroelectronics.X-CUBE-GNSS1.6.0.0
2024-09-25 08:56:45,980 [WARN] PackLoader:240 - Cannot read IP mode file for STMicroelectronics.X-CUBE-AZRTOS-F4.1.1.0
2024-09-25 08:56:45,988 [WARN] PackLoader:240 - Cannot read IP mode file for STMicroelectronics.X-CUBE-ISPU.2.1.0
2024-09-25 08:56:45,990 [INFO] WebApp:220 - Starting web application
2024-09-25 08:56:45,990 [INFO] WebApp:578 - Web application path used /opt/st/stm32cubeide_1.16.0/plugins/com.st.stm32cube.common.mx_6.12.0.202406281431/db/plugins/mcufinder/reactClient1/index.html
2024-09-25 08:56:45,993 [WARN] PackLoader:240 - Cannot read IP mode file for STMicroelectronics.X-CUBE-FREERTOS.1.2.0
2024-09-25 08:56:46,020 [WARN] PackLoader:240 - Cannot read IP mode file for STMicroelectronics.X-CUBE-AZRTOS-L5.2.0.0
2024-09-25 08:56:46,040 [WARN] PackLoader:240 - Cannot read IP mode file for STMicroelectronics.X-CUBE-NFC6.3.1.0
2024-09-25 08:56:46,047 [WARN] PackLoader:240 - Cannot read IP mode file for STMicroelectronics.X-CUBE-AI.9.0.0
2024-09-25 08:56:46,053 [WARN] PackLoader:240 - Cannot read IP mode file for STMicroelectronics.X-CUBE-NFC7.1.0.1
2024-09-25 08:56:46,057 [WARN] PackLoader:240 - Cannot read IP mode file for wolfSSL.I-CUBE-wolfTPM.3.2.0
2024-09-25 08:56:46,076 [WARN] ConditionMgr:438 - getConditionDescription Invalid condition id : LAN8742 Phy interface Condition cause : null
2024-09-25 08:56:46,076 [WARN] PackLoader:240 - Cannot read IP mode file for STMicroelectronics.X-CUBE-AZRTOS-L4.2.0.0
2024-09-25 08:56:46,078 [WARN] ConditionMgr:1039 - genDependencies : Invalid condition id : LAN8742 Phy interface Condition cause : null
2024-09-25 08:56:46,078 [WARN] ConditionMgr:1039 - genDependencies : Invalid condition id : LAN8742 Phy interface Condition cause : null
2024-09-25 08:56:46,079 [WARN] ConditionMgr:1039 - genDependencies : Invalid condition id : LAN8742 Phy interface Condition cause : null
2024-09-25 08:56:46,086 [WARN] PackLoader:240 - Cannot read IP mode file for STMicroelectronics.X-CUBE-SFXS2LP1.4.0.0
2024-09-25 08:56:46,110 [WARN] PackLoader:240 - Cannot read IP mode file for STMicroelectronics.X-CUBE-AZRTOS-H7.3.3.0
2024-09-25 08:56:46,115 [INFO] UserAuth:417 - Internet connection configuration mode: 1
2024-09-25 08:56:46,129 [WARN] ConditionMgr:438 - getConditionDescription Invalid condition id : UX DEVICE CLASS RTOS Condition cause : null
2024-09-25 08:56:46,129 [WARN] ConditionMgr:438 - getConditionDescription Invalid condition id : UX DEVICE CLASS RTOS Condition cause : null
2024-09-25 08:56:46,131 [WARN] PackLoader:240 - Cannot read IP mode file for STMicroelectronics.X-CUBE-AZRTOS-WB.2.0.0
2024-09-25 08:56:46,132 [WARN] ConditionMgr:1039 - genDependencies : Invalid condition id : UX DEVICE CLASS RTOS Condition cause : null
2024-09-25 08:56:46,132 [WARN] ConditionMgr:1039 - genDependencies : Invalid condition id : UX DEVICE CLASS RTOS Condition cause : null
2024-09-25 08:56:46,133 [WARN] ConditionMgr:1039 - genDependencies : Invalid condition id : UX DEVICE CLASS RTOS Condition cause : null
2024-09-25 08:56:46,133 [WARN] ConditionMgr:1039 - genDependencies : Invalid condition id : UX DEVICE CLASS RTOS Condition cause : null
2024-09-25 08:56:46,133 [WARN] ConditionMgr:1039 - genDependencies : Invalid condition id : UX DEVICE CLASS RTOS Condition cause : null
2024-09-25 08:56:46,140 [WARN] PackLoader:240 - Cannot read IP mode file for STMicroelectronics.X-CUBE-GNSS1.7.0.0
2024-09-25 08:56:46,164 [WARN] PackLoader:240 - Cannot read IP mode file for STMicroelectronics.FP-SNS-STBOX1.2.0.0
2024-09-25 08:56:46,182 [WARN] PackLoader:240 - Cannot read IP mode file for STMicroelectronics.X-CUBE-SUBG2.5.0.0
2024-09-25 08:56:46,192 [WARN] PackLoader:240 - Cannot read IP mode file for Cesanta.I-CUBE-Mongoose.7.13.0
2024-09-25 08:56:46,212 [WARN] PackLoader:240 - Cannot read IP mode file for STMicroelectronics.X-CUBE-AZRTOS-G4.2.0.0
2024-09-25 08:56:46,218 [WARN] PackLoader:240 - Cannot read IP mode file for STMicroelectronics.X-CUBE-ISPU.2.0.0
2024-09-25 08:56:46,222 [WARN] PackLoader:240 - Cannot read IP mode file for STMicroelectronics.X-CUBE-ALS.1.0.2
2024-09-25 08:56:46,289 [WARN] PackLoader:240 - Cannot read IP mode file for STMicroelectronics.X-CUBE-MEMS1.10.0.0
2024-09-25 08:56:46,408 [WARN] PackLoader:240 - Cannot read IP mode file for STMicroelectronics.X-CUBE-TOUCHGFX.4.24.0
2024-09-25 08:56:46,411 [WARN] PackLoader:240 - Cannot read IP mode file for STMicroelectronics.X-CUBE-TOUCHGFX.4.24.1
2024-09-25 08:56:46,415 [WARN] PackLoader:240 - Cannot read IP mode file for portGmbH.I-Cube-SoM-uGOAL.1.1.0
2024-09-25 08:56:46,430 [WARN] PackLoader:240 - Cannot read IP mode file for STMicroelectronics.X-CUBE-AZRTOS-H7RS.1.0.0
2024-09-25 08:56:46,437 [WARN] PackLoader:240 - Cannot read IP mode file for STMicroelectronics.FP-ATR-ASTRA1.2.0.0
2024-09-25 08:56:46,445 [WARN] PackLoader:240 - Cannot read IP mode file for STMicroelectronics.X-CUBE-TOF1.3.4.2
2024-09-25 08:56:46,463 [WARN] PackLoader:240 - Cannot read IP mode file for STMicroelectronics.X-CUBE-TOF1.3.4.1
2024-09-25 08:56:46,489 [WARN] PackLoader:240 - Cannot read IP mode file for STMicroelectronics.X-CUBE-AZRTOS-H7.3.2.0
2024-09-25 08:56:46,502 [WARN] PackLoader:240 - Cannot read IP mode file for Infineon.AIROC-Wi-Fi-Bluetooth-STM32.1.6.0
2024-09-25 08:56:46,507 [WARN] PackLoader:240 - Cannot read IP mode file for wolfSSL.I-CUBE-wolfSSH.1.4.17
2024-09-25 08:56:46,507 [INFO] ThirdParty:978 - Integrity check success = true
2024-09-25 08:56:46,508 [INFO] IntegrityCheckThread:100 - exiting critical section [integrity check]
2024-09-25 08:56:46,508 [INFO] IntegrityCheckThread:103 - End integrity checks thread
2024-09-25 08:56:46,765 [INFO] WebApp:186 - Connection restablished
2024-09-25 08:57:10,012 [ERROR] LogOutputStream:75 - [STDERR_REDIRECT] Sep 25, 2024 8:57:10 AM java.util.prefs.FileSystemPreferences checkLockFile0ErrorCode
2024-09-25 08:57:10,013 [ERROR] LogOutputStream:75 - [STDERR_REDIRECT] WARNING: Could not lock System prefs. Unix error code 2.
2024-09-25 08:57:10,013 [ERROR] LogOutputStream:75 - [STDERR_REDIRECT] 
2024-09-25 08:57:10,014 [ERROR] LogOutputStream:75 - [STDERR_REDIRECT] Sep 25, 2024 8:57:10 AM java.util.prefs.FileSystemPreferences syncWorld
2024-09-25 08:57:10,015 [ERROR] LogOutputStream:75 - [STDERR_REDIRECT] WARNING: Couldn't flush system prefs: java.util.prefs.BackingStoreException: Couldn't get file lock.
2024-09-25 08:57:10,015 [ERROR] LogOutputStream:75 - [STDERR_REDIRECT] 
2024-09-25 08:57:39,976 [ERROR] LogOutputStream:75 - [STDERR_REDIRECT] Sep 25, 2024 8:57:39 AM java.util.prefs.FileSystemPreferences checkLockFile0ErrorCode
2024-09-25 08:57:39,976 [ERROR] LogOutputStream:75 - [STDERR_REDIRECT] WARNING: Could not lock System prefs. Unix error code 2.
2024-09-25 08:57:39,976 [ERROR] LogOutputStream:75 - [STDERR_REDIRECT] 
2024-09-25 08:57:39,977 [ERROR] LogOutputStream:75 - [STDERR_REDIRECT] Sep 25, 2024 8:57:39 AM java.util.prefs.FileSystemPreferences syncWorld
2024-09-25 08:57:39,977 [ERROR] LogOutputStream:75 - [STDERR_REDIRECT] WARNING: Couldn't flush system prefs: java.util.prefs.BackingStoreException: Couldn't get file lock.
2024-09-25 08:57:39,977 [ERROR] LogOutputStream:75 - [STDERR_REDIRECT] 
2024-09-25 08:58:09,976 [ERROR] LogOutputStream:75 - [STDERR_REDIRECT] Sep 25, 2024 8:58:09 AM java.util.prefs.FileSystemPreferences checkLockFile0ErrorCode
2024-09-25 08:58:09,977 [ERROR] LogOutputStream:75 - [STDERR_REDIRECT] WARNING: Could not lock System prefs. Unix error code 2.
2024-09-25 08:58:09,977 [ERROR] LogOutputStream:75 - [STDERR_REDIRECT] 
2024-09-25 08:58:09,978 [ERROR] LogOutputStream:75 - [STDERR_REDIRECT] Sep 25, 2024 8:58:09 AM java.util.prefs.FileSystemPreferences syncWorld
2024-09-25 08:58:09,979 [ERROR] LogOutputStream:75 - [STDERR_REDIRECT] WARNING: Couldn't flush system prefs: java.util.prefs.BackingStoreException: Couldn't get file lock.
2024-09-25 08:58:09,979 [ERROR] LogOutputStream:75 - [STDERR_REDIRECT] 
2024-09-25 08:58:39,977 [ERROR] LogOutputStream:75 - [STDERR_REDIRECT] Sep 25, 2024 8:58:39 AM java.util.prefs.FileSystemPreferences checkLockFile0ErrorCode
2024-09-25 08:58:39,978 [ERROR] LogOutputStream:75 - [STDERR_REDIRECT] WARNING: Could not lock System prefs. Unix error code 2.
2024-09-25 08:58:39,978 [ERROR] LogOutputStream:75 - [STDERR_REDIRECT] 
2024-09-25 08:58:39,979 [ERROR] LogOutputStream:75 - [STDERR_REDIRECT] Sep 25, 2024 8:58:39 AM java.util.prefs.FileSystemPreferences syncWorld
2024-09-25 08:58:39,980 [ERROR] LogOutputStream:75 - [STDERR_REDIRECT] WARNING: Couldn't flush system prefs: java.util.prefs.BackingStoreException: Couldn't get file lock.
2024-09-25 08:58:39,980 [ERROR] LogOutputStream:75 - [STDERR_REDIRECT] 
2024-09-25 08:59:09,981 [ERROR] LogOutputStream:75 - [STDERR_REDIRECT] Sep 25, 2024 8:59:09 AM java.util.prefs.FileSystemPreferences checkLockFile0ErrorCode
2024-09-25 08:59:09,982 [ERROR] LogOutputStream:75 - [STDERR_REDIRECT] WARNING: Could not lock System prefs. Unix error code 2.
2024-09-25 08:59:09,983 [ERROR] LogOutputStream:75 - [STDERR_REDIRECT] 
2024-09-25 08:59:09,984 [ERROR] LogOutputStream:75 - [STDERR_REDIRECT] Sep 25, 2024 8:59:09 AM java.util.prefs.FileSystemPreferences syncWorld
2024-09-25 08:59:09,984 [ERROR] LogOutputStream:75 - [STDERR_REDIRECT] WARNING: Couldn't flush system prefs: java.util.prefs.BackingStoreException: Couldn't get file lock.
2024-09-25 08:59:09,985 [ERROR] LogOutputStream:75 - [STDERR_REDIRECT] 
2024-09-25 08:59:39,977 [ERROR] LogOutputStream:75 - [STDERR_REDIRECT] Sep 25, 2024 8:59:39 AM java.util.prefs.FileSystemPreferences checkLockFile0ErrorCode
2024-09-25 08:59:39,977 [ERROR] LogOutputStream:75 - [STDERR_REDIRECT] WARNING: Could not lock System prefs. Unix error code 2.
2024-09-25 08:59:39,977 [ERROR] LogOutputStream:75 - [STDERR_REDIRECT] 
2024-09-25 08:59:39,978 [ERROR] LogOutputStream:75 - [STDERR_REDIRECT] Sep 25, 2024 8:59:39 AM java.util.prefs.FileSystemPreferences syncWorld
2024-09-25 08:59:39,979 [ERROR] LogOutputStream:75 - [STDERR_REDIRECT] WARNING: Couldn't flush system prefs: java.util.prefs.BackingStoreException: Couldn't get file lock.
2024-09-25 08:59:39,979 [ERROR] LogOutputStream:75 - [STDERR_REDIRECT] 
2024-09-25 09:00:09,977 [ERROR] LogOutputStream:75 - [STDERR_REDIRECT] Sep 25, 2024 9:00:09 AM java.util.prefs.FileSystemPreferences checkLockFile0ErrorCode
2024-09-25 09:00:09,977 [ERROR] LogOutputStream:75 - [STDERR_REDIRECT] WARNING: Could not lock System prefs. Unix error code 2.
2024-09-25 09:00:09,977 [ERROR] LogOutputStream:75 - [STDERR_REDIRECT] 
2024-09-25 09:00:09,978 [ERROR] LogOutputStream:75 - [STDERR_REDIRECT] Sep 25, 2024 9:00:09 AM java.util.prefs.FileSystemPreferences syncWorld
2024-09-25 09:00:09,978 [ERROR] LogOutputStream:75 - [STDERR_REDIRECT] WARNING: Couldn't flush system prefs: java.util.prefs.BackingStoreException: Couldn't get file lock.
2024-09-25 09:00:09,979 [ERROR] LogOutputStream:75 - [STDERR_REDIRECT] 
2024-09-25 09:00:39,976 [ERROR] LogOutputStream:75 - [STDERR_REDIRECT] Sep 25, 2024 9:00:39 AM java.util.prefs.FileSystemPreferences checkLockFile0ErrorCode
2024-09-25 09:00:39,976 [ERROR] LogOutputStream:75 - [STDERR_REDIRECT] WARNING: Could not lock System prefs. Unix error code 2.
2024-09-25 09:00:39,977 [ERROR] LogOutputStream:75 - [STDERR_REDIRECT] 
2024-09-25 09:00:39,977 [ERROR] LogOutputStream:75 - [STDERR_REDIRECT] Sep 25, 2024 9:00:39 AM java.util.prefs.FileSystemPreferences syncWorld
2024-09-25 09:00:39,978 [ERROR] LogOutputStream:75 - [STDERR_REDIRECT] WARNING: Couldn't flush system prefs: java.util.prefs.BackingStoreException: Couldn't get file lock.
2024-09-25 09:00:39,978 [ERROR] LogOutputStream:75 - [STDERR_REDIRECT] 
2024-09-25 09:01:09,977 [ERROR] LogOutputStream:75 - [STDERR_REDIRECT] Sep 25, 2024 9:01:09 AM java.util.prefs.FileSystemPreferences checkLockFile0ErrorCode
2024-09-25 09:01:09,977 [ERROR] LogOutputStream:75 - [STDERR_REDIRECT] WARNING: Could not lock System prefs. Unix error code 2.
2024-09-25 09:01:09,978 [ERROR] LogOutputStream:75 - [STDERR_REDIRECT] 
2024-09-25 09:01:09,978 [ERROR] LogOutputStream:75 - [STDERR_REDIRECT] Sep 25, 2024 9:01:09 AM java.util.prefs.FileSystemPreferences syncWorld
2024-09-25 09:01:09,979 [ERROR] LogOutputStream:75 - [STDERR_REDIRECT] WARNING: Couldn't flush system prefs: java.util.prefs.BackingStoreException: Couldn't get file lock.
2024-09-25 09:01:09,979 [ERROR] LogOutputStream:75 - [STDERR_REDIRECT] 
2024-09-25 09:01:39,977 [ERROR] LogOutputStream:75 - [STDERR_REDIRECT] Sep 25, 2024 9:01:39 AM java.util.prefs.FileSystemPreferences checkLockFile0ErrorCode
2024-09-25 09:01:39,978 [ERROR] LogOutputStream:75 - [STDERR_REDIRECT] WARNING: Could not lock System prefs. Unix error code 2.
2024-09-25 09:01:39,978 [ERROR] LogOutputStream:75 - [STDERR_REDIRECT] 
2024-09-25 09:01:39,979 [ERROR] LogOutputStream:75 - [STDERR_REDIRECT] Sep 25, 2024 9:01:39 AM java.util.prefs.FileSystemPreferences syncWorld
2024-09-25 09:01:39,979 [ERROR] LogOutputStream:75 - [STDERR_REDIRECT] WARNING: Couldn't flush system prefs: java.util.prefs.BackingStoreException: Couldn't get file lock.
2024-09-25 09:01:39,979 [ERROR] LogOutputStream:75 - [STDERR_REDIRECT] 
2024-09-25 09:02:09,977 [ERROR] LogOutputStream:75 - [STDERR_REDIRECT] Sep 25, 2024 9:02:09 AM java.util.prefs.FileSystemPreferences checkLockFile0ErrorCode
2024-09-25 09:02:09,978 [ERROR] LogOutputStream:75 - [STDERR_REDIRECT] WARNING: Could not lock System prefs. Unix error code 2.
2024-09-25 09:02:09,979 [ERROR] LogOutputStream:75 - [STDERR_REDIRECT] 
2024-09-25 09:02:09,980 [ERROR] LogOutputStream:75 - [STDERR_REDIRECT] Sep 25, 2024 9:02:09 AM java.util.prefs.FileSystemPreferences syncWorld
2024-09-25 09:02:09,980 [ERROR] LogOutputStream:75 - [STDERR_REDIRECT] WARNING: Couldn't flush system prefs: java.util.prefs.BackingStoreException: Couldn't get file lock.
2024-09-25 09:02:09,980 [ERROR] LogOutputStream:75 - [STDERR_REDIRECT] 
2024-09-25 09:02:39,979 [ERROR] LogOutputStream:75 - [STDERR_REDIRECT] Sep 25, 2024 9:02:39 AM java.util.prefs.FileSystemPreferences checkLockFile0ErrorCode
2024-09-25 09:02:39,979 [ERROR] LogOutputStream:75 - [STDERR_REDIRECT] WARNING: Could not lock System prefs. Unix error code 2.
2024-09-25 09:02:39,980 [ERROR] LogOutputStream:75 - [STDERR_REDIRECT] 
2024-09-25 09:02:39,980 [ERROR] LogOutputStream:75 - [STDERR_REDIRECT] Sep 25, 2024 9:02:39 AM java.util.prefs.FileSystemPreferences syncWorld
2024-09-25 09:02:39,981 [ERROR] LogOutputStream:75 - [STDERR_REDIRECT] WARNING: Couldn't flush system prefs: java.util.prefs.BackingStoreException: Couldn't get file lock.
2024-09-25 09:02:39,981 [ERROR] LogOutputStream:75 - [STDERR_REDIRECT] 
2024-09-25 09:03:09,978 [ERROR] LogOutputStream:75 - [STDERR_REDIRECT] Sep 25, 2024 9:03:09 AM java.util.prefs.FileSystemPreferences checkLockFile0ErrorCode
2024-09-25 09:03:09,979 [ERROR] LogOutputStream:75 - [STDERR_REDIRECT] WARNING: Could not lock System prefs. Unix error code 2.
2024-09-25 09:03:09,979 [ERROR] LogOutputStream:75 - [STDERR_REDIRECT] 
2024-09-25 09:03:09,980 [ERROR] LogOutputStream:75 - [STDERR_REDIRECT] Sep 25, 2024 9:03:09 AM java.util.prefs.FileSystemPreferences syncWorld
2024-09-25 09:03:09,981 [ERROR] LogOutputStream:75 - [STDERR_REDIRECT] WARNING: Couldn't flush system prefs: java.util.prefs.BackingStoreException: Couldn't get file lock.
2024-09-25 09:03:09,981 [ERROR] LogOutputStream:75 - [STDERR_REDIRECT] 
2024-09-25 09:03:39,978 [ERROR] LogOutputStream:75 - [STDERR_REDIRECT] Sep 25, 2024 9:03:39 AM java.util.prefs.FileSystemPreferences checkLockFile0ErrorCode
2024-09-25 09:03:39,979 [ERROR] LogOutputStream:75 - [STDERR_REDIRECT] WARNING: Could not lock System prefs. Unix error code 2.
2024-09-25 09:03:39,980 [ERROR] LogOutputStream:75 - [STDERR_REDIRECT] 
2024-09-25 09:03:39,981 [ERROR] LogOutputStream:75 - [STDERR_REDIRECT] Sep 25, 2024 9:03:39 AM java.util.prefs.FileSystemPreferences syncWorld
2024-09-25 09:03:39,981 [ERROR] LogOutputStream:75 - [STDERR_REDIRECT] WARNING: Couldn't flush system prefs: java.util.prefs.BackingStoreException: Couldn't get file lock.
2024-09-25 09:03:39,981 [ERROR] LogOutputStream:75 - [STDERR_REDIRECT] 
2024-09-25 09:04:09,980 [ERROR] LogOutputStream:75 - [STDERR_REDIRECT] Sep 25, 2024 9:04:09 AM java.util.prefs.FileSystemPreferences checkLockFile0ErrorCode
2024-09-25 09:04:09,980 [ERROR] LogOutputStream:75 - [STDERR_REDIRECT] WARNING: Could not lock System prefs. Unix error code 2.
2024-09-25 09:04:09,981 [ERROR] LogOutputStream:75 - [STDERR_REDIRECT] 
2024-09-25 09:04:09,981 [ERROR] LogOutputStream:75 - [STDERR_REDIRECT] Sep 25, 2024 9:04:09 AM java.util.prefs.FileSystemPreferences syncWorld
2024-09-25 09:04:09,982 [ERROR] LogOutputStream:75 - [STDERR_REDIRECT] WARNING: Couldn't flush system prefs: java.util.prefs.BackingStoreException: Couldn't get file lock.
2024-09-25 09:04:09,982 [ERROR] LogOutputStream:75 - [STDERR_REDIRECT] 
2024-09-25 09:04:39,980 [ERROR] LogOutputStream:75 - [STDERR_REDIRECT] Sep 25, 2024 9:04:39 AM java.util.prefs.FileSystemPreferences checkLockFile0ErrorCode
2024-09-25 09:04:39,981 [ERROR] LogOutputStream:75 - [STDERR_REDIRECT] WARNING: Could not lock System prefs. Unix error code 2.
2024-09-25 09:04:39,981 [ERROR] LogOutputStream:75 - [STDERR_REDIRECT] 
2024-09-25 09:04:39,982 [ERROR] LogOutputStream:75 - [STDERR_REDIRECT] Sep 25, 2024 9:04:39 AM java.util.prefs.FileSystemPreferences syncWorld
2024-09-25 09:04:39,982 [ERROR] LogOutputStream:75 - [STDERR_REDIRECT] WARNING: Couldn't flush system prefs: java.util.prefs.BackingStoreException: Couldn't get file lock.
2024-09-25 09:04:39,982 [ERROR] LogOutputStream:75 - [STDERR_REDIRECT] 
2024-09-25 09:05:09,981 [ERROR] LogOutputStream:75 - [STDERR_REDIRECT] Sep 25, 2024 9:05:09 AM java.util.prefs.FileSystemPreferences checkLockFile0ErrorCode
2024-09-25 09:05:09,982 [ERROR] LogOutputStream:75 - [STDERR_REDIRECT] WARNING: Could not lock System prefs. Unix error code 2.
2024-09-25 09:05:09,982 [ERROR] LogOutputStream:75 - [STDERR_REDIRECT] 
2024-09-25 09:05:09,982 [ERROR] LogOutputStream:75 - [STDERR_REDIRECT] Sep 25, 2024 9:05:09 AM java.util.prefs.FileSystemPreferences syncWorld
2024-09-25 09:05:09,983 [ERROR] LogOutputStream:75 - [STDERR_REDIRECT] WARNING: Couldn't flush system prefs: java.util.prefs.BackingStoreException: Couldn't get file lock.
2024-09-25 09:05:09,983 [ERROR] LogOutputStream:75 - [STDERR_REDIRECT] 
2024-09-25 09:05:39,981 [ERROR] LogOutputStream:75 - [STDERR_REDIRECT] Sep 25, 2024 9:05:39 AM java.util.prefs.FileSystemPreferences checkLockFile0ErrorCode
2024-09-25 09:05:39,982 [ERROR] LogOutputStream:75 - [STDERR_REDIRECT] WARNING: Could not lock System prefs. Unix error code 2.
2024-09-25 09:05:39,982 [ERROR] LogOutputStream:75 - [STDERR_REDIRECT] 
2024-09-25 09:05:39,983 [ERROR] LogOutputStream:75 - [STDERR_REDIRECT] Sep 25, 2024 9:05:39 AM java.util.prefs.FileSystemPreferences syncWorld
2024-09-25 09:05:39,983 [ERROR] LogOutputStream:75 - [STDERR_REDIRECT] WARNING: Couldn't flush system prefs: java.util.prefs.BackingStoreException: Couldn't get file lock.
2024-09-25 09:05:39,984 [ERROR] LogOutputStream:75 - [STDERR_REDIRECT] 
2024-09-25 09:06:09,982 [ERROR] LogOutputStream:75 - [STDERR_REDIRECT] Sep 25, 2024 9:06:09 AM java.util.prefs.FileSystemPreferences checkLockFile0ErrorCode
2024-09-25 09:06:09,982 [ERROR] LogOutputStream:75 - [STDERR_REDIRECT] WARNING: Could not lock System prefs. Unix error code 2.
2024-09-25 09:06:09,982 [ERROR] LogOutputStream:75 - [STDERR_REDIRECT] 
2024-09-25 09:06:09,982 [ERROR] LogOutputStream:75 - [STDERR_REDIRECT] Sep 25, 2024 9:06:09 AM java.util.prefs.FileSystemPreferences syncWorld
2024-09-25 09:06:09,982 [ERROR] LogOutputStream:75 - [STDERR_REDIRECT] WARNING: Couldn't flush system prefs: java.util.prefs.BackingStoreException: Couldn't get file lock.
2024-09-25 09:06:09,983 [ERROR] LogOutputStream:75 - [STDERR_REDIRECT] 
2024-09-25 09:06:39,984 [ERROR] LogOutputStream:75 - [STDERR_REDIRECT] Sep 25, 2024 9:06:39 AM java.util.prefs.FileSystemPreferences checkLockFile0ErrorCode
2024-09-25 09:06:39,985 [ERROR] LogOutputStream:75 - [STDERR_REDIRECT] WARNING: Could not lock System prefs. Unix error code 2.
2024-09-25 09:06:39,987 [ERROR] LogOutputStream:75 - [STDERR_REDIRECT] 
2024-09-25 09:06:39,988 [ERROR] LogOutputStream:75 - [STDERR_REDIRECT] Sep 25, 2024 9:06:39 AM java.util.prefs.FileSystemPreferences syncWorld
2024-09-25 09:06:39,989 [ERROR] LogOutputStream:75 - [STDERR_REDIRECT] WARNING: Couldn't flush system prefs: java.util.prefs.BackingStoreException: Couldn't get file lock.
2024-09-25 09:06:39,989 [ERROR] LogOutputStream:75 - [STDERR_REDIRECT] 
2024-09-25 09:07:09,982 [ERROR] LogOutputStream:75 - [STDERR_REDIRECT] Sep 25, 2024 9:07:09 AM java.util.prefs.FileSystemPreferences checkLockFile0ErrorCode
2024-09-25 09:07:09,982 [ERROR] LogOutputStream:75 - [STDERR_REDIRECT] WARNING: Could not lock System prefs. Unix error code 2.
2024-09-25 09:07:09,982 [ERROR] LogOutputStream:75 - [STDERR_REDIRECT] 
2024-09-25 09:07:09,982 [ERROR] LogOutputStream:75 - [STDERR_REDIRECT] Sep 25, 2024 9:07:09 AM java.util.prefs.FileSystemPreferences syncWorld
2024-09-25 09:07:09,982 [ERROR] LogOutputStream:75 - [STDERR_REDIRECT] WARNING: Couldn't flush system prefs: java.util.prefs.BackingStoreException: Couldn't get file lock.
2024-09-25 09:07:09,982 [ERROR] LogOutputStream:75 - [STDERR_REDIRECT] 
2024-09-25 09:07:39,982 [ERROR] LogOutputStream:75 - [STDERR_REDIRECT] Sep 25, 2024 9:07:39 AM java.util.prefs.FileSystemPreferences checkLockFile0ErrorCode
2024-09-25 09:07:39,982 [ERROR] LogOutputStream:75 - [STDERR_REDIRECT] WARNING: Could not lock System prefs. Unix error code 2.
2024-09-25 09:07:39,982 [ERROR] LogOutputStream:75 - [STDERR_REDIRECT] 
2024-09-25 09:07:39,983 [ERROR] LogOutputStream:75 - [STDERR_REDIRECT] Sep 25, 2024 9:07:39 AM java.util.prefs.FileSystemPreferences syncWorld
2024-09-25 09:07:39,983 [ERROR] LogOutputStream:75 - [STDERR_REDIRECT] WARNING: Couldn't flush system prefs: java.util.prefs.BackingStoreException: Couldn't get file lock.
2024-09-25 09:07:39,984 [ERROR] LogOutputStream:75 - [STDERR_REDIRECT] 
2024-09-25 09:08:09,981 [ERROR] LogOutputStream:75 - [STDERR_REDIRECT] Sep 25, 2024 9:08:09 AM java.util.prefs.FileSystemPreferences checkLockFile0ErrorCode
2024-09-25 09:08:09,982 [ERROR] LogOutputStream:75 - [STDERR_REDIRECT] WARNING: Could not lock System prefs. Unix error code 2.
2024-09-25 09:08:09,982 [ERROR] LogOutputStream:75 - [STDERR_REDIRECT] 
2024-09-25 09:08:09,983 [ERROR] LogOutputStream:75 - [STDERR_REDIRECT] Sep 25, 2024 9:08:09 AM java.util.prefs.FileSystemPreferences syncWorld
2024-09-25 09:08:09,983 [ERROR] LogOutputStream:75 - [STDERR_REDIRECT] WARNING: Couldn't flush system prefs: java.util.prefs.BackingStoreException: Couldn't get file lock.
2024-09-25 09:08:09,983 [ERROR] LogOutputStream:75 - [STDERR_REDIRECT] 
2024-09-25 09:08:39,982 [ERROR] LogOutputStream:75 - [STDERR_REDIRECT] Sep 25, 2024 9:08:39 AM java.util.prefs.FileSystemPreferences checkLockFile0ErrorCode
2024-09-25 09:08:39,982 [ERROR] LogOutputStream:75 - [STDERR_REDIRECT] WARNING: Could not lock System prefs. Unix error code 2.
2024-09-25 09:08:39,984 [ERROR] LogOutputStream:75 - [STDERR_REDIRECT] 
2024-09-25 09:08:39,985 [ERROR] LogOutputStream:75 - [STDERR_REDIRECT] Sep 25, 2024 9:08:39 AM java.util.prefs.FileSystemPreferences syncWorld
2024-09-25 09:08:39,985 [ERROR] LogOutputStream:75 - [STDERR_REDIRECT] WARNING: Couldn't flush system prefs: java.util.prefs.BackingStoreException: Couldn't get file lock.
2024-09-25 09:08:39,985 [ERROR] LogOutputStream:75 - [STDERR_REDIRECT] 
2024-09-25 09:09:09,985 [ERROR] LogOutputStream:75 - [STDERR_REDIRECT] Sep 25, 2024 9:09:09 AM java.util.prefs.FileSystemPreferences checkLockFile0ErrorCode
2024-09-25 09:09:09,986 [ERROR] LogOutputStream:75 - [STDERR_REDIRECT] WARNING: Could not lock System prefs. Unix error code 2.
2024-09-25 09:09:09,986 [ERROR] LogOutputStream:75 - [STDERR_REDIRECT] 
2024-09-25 09:09:09,986 [ERROR] LogOutputStream:75 - [STDERR_REDIRECT] Sep 25, 2024 9:09:09 AM java.util.prefs.FileSystemPreferences syncWorld
2024-09-25 09:09:09,986 [ERROR] LogOutputStream:75 - [STDERR_REDIRECT] WARNING: Couldn't flush system prefs: java.util.prefs.BackingStoreException: Couldn't get file lock.
2024-09-25 09:09:09,986 [ERROR] LogOutputStream:75 - [STDERR_REDIRECT] 
2024-09-25 09:09:39,983 [ERROR] LogOutputStream:75 - [STDERR_REDIRECT] Sep 25, 2024 9:09:39 AM java.util.prefs.FileSystemPreferences checkLockFile0ErrorCode
2024-09-25 09:09:39,983 [ERROR] LogOutputStream:75 - [STDERR_REDIRECT] WARNING: Could not lock System prefs. Unix error code 2.
2024-09-25 09:09:39,984 [ERROR] LogOutputStream:75 - [STDERR_REDIRECT] 
2024-09-25 09:09:39,984 [ERROR] LogOutputStream:75 - [STDERR_REDIRECT] Sep 25, 2024 9:09:39 AM java.util.prefs.FileSystemPreferences syncWorld
2024-09-25 09:09:39,985 [ERROR] LogOutputStream:75 - [STDERR_REDIRECT] WARNING: Couldn't flush system prefs: java.util.prefs.BackingStoreException: Couldn't get file lock.
2024-09-25 09:09:39,985 [ERROR] LogOutputStream:75 - [STDERR_REDIRECT] 
2024-09-25 09:10:09,982 [ERROR] LogOutputStream:75 - [STDERR_REDIRECT] Sep 25, 2024 9:10:09 AM java.util.prefs.FileSystemPreferences checkLockFile0ErrorCode
2024-09-25 09:10:09,982 [ERROR] LogOutputStream:75 - [STDERR_REDIRECT] WARNING: Could not lock System prefs. Unix error code 2.
2024-09-25 09:10:09,982 [ERROR] LogOutputStream:75 - [STDERR_REDIRECT] 
2024-09-25 09:10:09,983 [ERROR] LogOutputStream:75 - [STDERR_REDIRECT] Sep 25, 2024 9:10:09 AM java.util.prefs.FileSystemPreferences syncWorld
2024-09-25 09:10:09,983 [ERROR] LogOutputStream:75 - [STDERR_REDIRECT] WARNING: Couldn't flush system prefs: java.util.prefs.BackingStoreException: Couldn't get file lock.
2024-09-25 09:10:09,983 [ERROR] LogOutputStream:75 - [STDERR_REDIRECT] 
2024-09-25 09:10:39,983 [ERROR] LogOutputStream:75 - [STDERR_REDIRECT] Sep 25, 2024 9:10:39 AM java.util.prefs.FileSystemPreferences checkLockFile0ErrorCode
2024-09-25 09:10:39,984 [ERROR] LogOutputStream:75 - [STDERR_REDIRECT] WARNING: Could not lock System prefs. Unix error code 2.
2024-09-25 09:10:39,984 [ERROR] LogOutputStream:75 - [STDERR_REDIRECT] 
2024-09-25 09:10:39,985 [ERROR] LogOutputStream:75 - [STDERR_REDIRECT] Sep 25, 2024 9:10:39 AM java.util.prefs.FileSystemPreferences syncWorld
2024-09-25 09:10:39,986 [ERROR] LogOutputStream:75 - [STDERR_REDIRECT] WARNING: Couldn't flush system prefs: java.util.prefs.BackingStoreException: Couldn't get file lock.
2024-09-25 09:10:39,986 [ERROR] LogOutputStream:75 - [STDERR_REDIRECT] 
2024-09-25 09:11:09,983 [ERROR] LogOutputStream:75 - [STDERR_REDIRECT] Sep 25, 2024 9:11:09 AM java.util.prefs.FileSystemPreferences checkLockFile0ErrorCode
2024-09-25 09:11:09,983 [ERROR] LogOutputStream:75 - [STDERR_REDIRECT] WARNING: Could not lock System prefs. Unix error code 2.
2024-09-25 09:11:09,985 [ERROR] LogOutputStream:75 - [STDERR_REDIRECT] 
2024-09-25 09:11:09,985 [ERROR] LogOutputStream:75 - [STDERR_REDIRECT] Sep 25, 2024 9:11:09 AM java.util.prefs.FileSystemPreferences syncWorld
2024-09-25 09:11:09,986 [ERROR] LogOutputStream:75 - [STDERR_REDIRECT] WARNING: Couldn't flush system prefs: java.util.prefs.BackingStoreException: Couldn't get file lock.
2024-09-25 09:11:09,986 [ERROR] LogOutputStream:75 - [STDERR_REDIRECT] 
2024-09-25 09:11:39,984 [ERROR] LogOutputStream:75 - [STDERR_REDIRECT] Sep 25, 2024 9:11:39 AM java.util.prefs.FileSystemPreferences checkLockFile0ErrorCode
2024-09-25 09:11:39,984 [ERROR] LogOutputStream:75 - [STDERR_REDIRECT] WARNING: Could not lock System prefs. Unix error code 2.
2024-09-25 09:11:39,985 [ERROR] LogOutputStream:75 - [STDERR_REDIRECT] 
2024-09-25 09:11:39,986 [ERROR] LogOutputStream:75 - [STDERR_REDIRECT] Sep 25, 2024 9:11:39 AM java.util.prefs.FileSystemPreferences syncWorld
2024-09-25 09:11:39,986 [ERROR] LogOutputStream:75 - [STDERR_REDIRECT] WARNING: Couldn't flush system prefs: java.util.prefs.BackingStoreException: Couldn't get file lock.
2024-09-25 09:11:39,986 [ERROR] LogOutputStream:75 - [STDERR_REDIRECT] 
2024-09-25 09:12:09,984 [ERROR] LogOutputStream:75 - [STDERR_REDIRECT] Sep 25, 2024 9:12:09 AM java.util.prefs.FileSystemPreferences checkLockFile0ErrorCode
2024-09-25 09:12:09,985 [ERROR] LogOutputStream:75 - [STDERR_REDIRECT] WARNING: Could not lock System prefs. Unix error code 2.
2024-09-25 09:12:09,986 [ERROR] LogOutputStream:75 - [STDERR_REDIRECT] 
2024-09-25 09:12:09,986 [ERROR] LogOutputStream:75 - [STDERR_REDIRECT] Sep 25, 2024 9:12:09 AM java.util.prefs.FileSystemPreferences syncWorld
2024-09-25 09:12:09,987 [ERROR] LogOutputStream:75 - [STDERR_REDIRECT] WARNING: Couldn't flush system prefs: java.util.prefs.BackingStoreException: Couldn't get file lock.
2024-09-25 09:12:09,987 [ERROR] LogOutputStream:75 - [STDERR_REDIRECT] 
2024-09-25 09:12:39,985 [ERROR] LogOutputStream:75 - [STDERR_REDIRECT] Sep 25, 2024 9:12:39 AM java.util.prefs.FileSystemPreferences checkLockFile0ErrorCode
2024-09-25 09:12:39,986 [ERROR] LogOutputStream:75 - [STDERR_REDIRECT] WARNING: Could not lock System prefs. Unix error code 2.
2024-09-25 09:12:39,986 [ERROR] LogOutputStream:75 - [STDERR_REDIRECT] 
2024-09-25 09:12:39,986 [ERROR] LogOutputStream:75 - [STDERR_REDIRECT] Sep 25, 2024 9:12:39 AM java.util.prefs.FileSystemPreferences syncWorld
2024-09-25 09:12:39,987 [ERROR] LogOutputStream:75 - [STDERR_REDIRECT] WARNING: Couldn't flush system prefs: java.util.prefs.BackingStoreException: Couldn't get file lock.
2024-09-25 09:12:39,987 [ERROR] LogOutputStream:75 - [STDERR_REDIRECT] 
2024-09-25 09:13:09,985 [ERROR] LogOutputStream:75 - [STDERR_REDIRECT] Sep 25, 2024 9:13:09 AM java.util.prefs.FileSystemPreferences checkLockFile0ErrorCode
2024-09-25 09:13:09,986 [ERROR] LogOutputStream:75 - [STDERR_REDIRECT] WARNING: Could not lock System prefs. Unix error code 2.
2024-09-25 09:13:09,986 [ERROR] LogOutputStream:75 - [STDERR_REDIRECT] 
2024-09-25 09:13:09,987 [ERROR] LogOutputStream:75 - [STDERR_REDIRECT] Sep 25, 2024 9:13:09 AM java.util.prefs.FileSystemPreferences syncWorld
2024-09-25 09:13:09,987 [ERROR] LogOutputStream:75 - [STDERR_REDIRECT] WARNING: Couldn't flush system prefs: java.util.prefs.BackingStoreException: Couldn't get file lock.
2024-09-25 09:13:09,988 [ERROR] LogOutputStream:75 - [STDERR_REDIRECT] 
2024-09-25 09:13:39,986 [ERROR] LogOutputStream:75 - [STDERR_REDIRECT] Sep 25, 2024 9:13:39 AM java.util.prefs.FileSystemPreferences checkLockFile0ErrorCode
2024-09-25 09:13:39,986 [ERROR] LogOutputStream:75 - [STDERR_REDIRECT] WARNING: Could not lock System prefs. Unix error code 2.
2024-09-25 09:13:39,986 [ERROR] LogOutputStream:75 - [STDERR_REDIRECT] 
2024-09-25 09:13:39,987 [ERROR] LogOutputStream:75 - [STDERR_REDIRECT] Sep 25, 2024 9:13:39 AM java.util.prefs.FileSystemPreferences syncWorld
2024-09-25 09:13:39,987 [ERROR] LogOutputStream:75 - [STDERR_REDIRECT] WARNING: Couldn't flush system prefs: java.util.prefs.BackingStoreException: Couldn't get file lock.
2024-09-25 09:13:39,987 [ERROR] LogOutputStream:75 - [STDERR_REDIRECT] 
2024-09-25 09:14:09,986 [ERROR] LogOutputStream:75 - [STDERR_REDIRECT] Sep 25, 2024 9:14:09 AM java.util.prefs.FileSystemPreferences checkLockFile0ErrorCode
2024-09-25 09:14:09,987 [ERROR] LogOutputStream:75 - [STDERR_REDIRECT] WARNING: Could not lock System prefs. Unix error code 2.
2024-09-25 09:14:09,988 [ERROR] LogOutputStream:75 - [STDERR_REDIRECT] 
2024-09-25 09:14:09,989 [ERROR] LogOutputStream:75 - [STDERR_REDIRECT] Sep 25, 2024 9:14:09 AM java.util.prefs.FileSystemPreferences syncWorld
2024-09-25 09:14:09,990 [ERROR] LogOutputStream:75 - [STDERR_REDIRECT] WARNING: Couldn't flush system prefs: java.util.prefs.BackingStoreException: Couldn't get file lock.
2024-09-25 09:14:09,990 [ERROR] LogOutputStream:75 - [STDERR_REDIRECT] 
2024-09-25 09:14:39,987 [ERROR] LogOutputStream:75 - [STDERR_REDIRECT] Sep 25, 2024 9:14:39 AM java.util.prefs.FileSystemPreferences checkLockFile0ErrorCode
2024-09-25 09:14:39,988 [ERROR] LogOutputStream:75 - [STDERR_REDIRECT] WARNING: Could not lock System prefs. Unix error code 2.
2024-09-25 09:14:39,988 [ERROR] LogOutputStream:75 - [STDERR_REDIRECT] 
2024-09-25 09:14:39,988 [ERROR] LogOutputStream:75 - [STDERR_REDIRECT] Sep 25, 2024 9:14:39 AM java.util.prefs.FileSystemPreferences syncWorld
2024-09-25 09:14:39,989 [ERROR] LogOutputStream:75 - [STDERR_REDIRECT] WARNING: Couldn't flush system prefs: java.util.prefs.BackingStoreException: Couldn't get file lock.
2024-09-25 09:14:39,989 [ERROR] LogOutputStream:75 - [STDERR_REDIRECT] 
2024-09-25 09:15:09,988 [ERROR] LogOutputStream:75 - [STDERR_REDIRECT] Sep 25, 2024 9:15:09 AM java.util.prefs.FileSystemPreferences checkLockFile0ErrorCode
2024-09-25 09:15:09,988 [ERROR] LogOutputStream:75 - [STDERR_REDIRECT] WARNING: Could not lock System prefs. Unix error code 2.
2024-09-25 09:15:09,988 [ERROR] LogOutputStream:75 - [STDERR_REDIRECT] 
2024-09-25 09:15:09,989 [ERROR] LogOutputStream:75 - [STDERR_REDIRECT] Sep 25, 2024 9:15:09 AM java.util.prefs.FileSystemPreferences syncWorld
2024-09-25 09:15:09,989 [ERROR] LogOutputStream:75 - [STDERR_REDIRECT] WARNING: Couldn't flush system prefs: java.util.prefs.BackingStoreException: Couldn't get file lock.
2024-09-25 09:15:09,989 [ERROR] LogOutputStream:75 - [STDERR_REDIRECT] 
2024-09-25 09:15:39,988 [ERROR] LogOutputStream:75 - [STDERR_REDIRECT] Sep 25, 2024 9:15:39 AM java.util.prefs.FileSystemPreferences checkLockFile0ErrorCode
2024-09-25 09:15:39,989 [ERROR] LogOutputStream:75 - [STDERR_REDIRECT] WARNING: Could not lock System prefs. Unix error code 2.
2024-09-25 09:15:39,989 [ERROR] LogOutputStream:75 - [STDERR_REDIRECT] 
2024-09-25 09:15:39,990 [ERROR] LogOutputStream:75 - [STDERR_REDIRECT] Sep 25, 2024 9:15:39 AM java.util.prefs.FileSystemPreferences syncWorld
2024-09-25 09:15:39,990 [ERROR] LogOutputStream:75 - [STDERR_REDIRECT] WARNING: Couldn't flush system prefs: java.util.prefs.BackingStoreException: Couldn't get file lock.
2024-09-25 09:15:39,990 [ERROR] LogOutputStream:75 - [STDERR_REDIRECT] 
2024-09-25 09:16:09,988 [ERROR] LogOutputStream:75 - [STDERR_REDIRECT] Sep 25, 2024 9:16:09 AM java.util.prefs.FileSystemPreferences checkLockFile0ErrorCode
2024-09-25 09:16:09,989 [ERROR] LogOutputStream:75 - [STDERR_REDIRECT] WARNING: Could not lock System prefs. Unix error code 2.
2024-09-25 09:16:09,989 [ERROR] LogOutputStream:75 - [STDERR_REDIRECT] 
2024-09-25 09:16:09,990 [ERROR] LogOutputStream:75 - [STDERR_REDIRECT] Sep 25, 2024 9:16:09 AM java.util.prefs.FileSystemPreferences syncWorld
2024-09-25 09:16:09,990 [ERROR] LogOutputStream:75 - [STDERR_REDIRECT] WARNING: Couldn't flush system prefs: java.util.prefs.BackingStoreException: Couldn't get file lock.
2024-09-25 09:16:09,990 [ERROR] LogOutputStream:75 - [STDERR_REDIRECT] 
2024-09-25 09:16:39,989 [ERROR] LogOutputStream:75 - [STDERR_REDIRECT] Sep 25, 2024 9:16:39 AM java.util.prefs.FileSystemPreferences checkLockFile0ErrorCode
2024-09-25 09:16:39,989 [ERROR] LogOutputStream:75 - [STDERR_REDIRECT] WARNING: Could not lock System prefs. Unix error code 2.
2024-09-25 09:16:39,989 [ERROR] LogOutputStream:75 - [STDERR_REDIRECT] 
2024-09-25 09:16:39,990 [ERROR] LogOutputStream:75 - [STDERR_REDIRECT] Sep 25, 2024 9:16:39 AM java.util.prefs.FileSystemPreferences syncWorld
2024-09-25 09:16:39,990 [ERROR] LogOutputStream:75 - [STDERR_REDIRECT] WARNING: Couldn't flush system prefs: java.util.prefs.BackingStoreException: Couldn't get file lock.
2024-09-25 09:16:39,991 [ERROR] LogOutputStream:75 - [STDERR_REDIRECT] 
2024-09-25 09:17:09,988 [ERROR] LogOutputStream:75 - [STDERR_REDIRECT] Sep 25, 2024 9:17:09 AM java.util.prefs.FileSystemPreferences checkLockFile0ErrorCode
2024-09-25 09:17:09,989 [ERROR] LogOutputStream:75 - [STDERR_REDIRECT] WARNING: Could not lock System prefs. Unix error code 2.
2024-09-25 09:17:09,989 [ERROR] LogOutputStream:75 - [STDERR_REDIRECT] 
2024-09-25 09:17:09,990 [ERROR] LogOutputStream:75 - [STDERR_REDIRECT] Sep 25, 2024 9:17:09 AM java.util.prefs.FileSystemPreferences syncWorld
2024-09-25 09:17:09,991 [ERROR] LogOutputStream:75 - [STDERR_REDIRECT] WARNING: Couldn't flush system prefs: java.util.prefs.BackingStoreException: Couldn't get file lock.
2024-09-25 09:17:09,991 [ERROR] LogOutputStream:75 - [STDERR_REDIRECT] 
2024-09-25 09:17:39,989 [ERROR] LogOutputStream:75 - [STDERR_REDIRECT] Sep 25, 2024 9:17:39 AM java.util.prefs.FileSystemPreferences checkLockFile0ErrorCode
2024-09-25 09:17:39,989 [ERROR] LogOutputStream:75 - [STDERR_REDIRECT] WARNING: Could not lock System prefs. Unix error code 2.
2024-09-25 09:17:39,989 [ERROR] LogOutputStream:75 - [STDERR_REDIRECT] 
2024-09-25 09:17:39,990 [ERROR] LogOutputStream:75 - [STDERR_REDIRECT] Sep 25, 2024 9:17:39 AM java.util.prefs.FileSystemPreferences syncWorld
2024-09-25 09:17:39,990 [ERROR] LogOutputStream:75 - [STDERR_REDIRECT] WARNING: Couldn't flush system prefs: java.util.prefs.BackingStoreException: Couldn't get file lock.
2024-09-25 09:17:39,990 [ERROR] LogOutputStream:75 - [STDERR_REDIRECT] 
2024-09-25 09:18:09,988 [ERROR] LogOutputStream:75 - [STDERR_REDIRECT] Sep 25, 2024 9:18:09 AM java.util.prefs.FileSystemPreferences checkLockFile0ErrorCode
2024-09-25 09:18:09,988 [ERROR] LogOutputStream:75 - [STDERR_REDIRECT] WARNING: Could not lock System prefs. Unix error code 2.
2024-09-25 09:18:09,990 [ERROR] LogOutputStream:75 - [STDERR_REDIRECT] 
2024-09-25 09:18:09,990 [ERROR] LogOutputStream:75 - [STDERR_REDIRECT] Sep 25, 2024 9:18:09 AM java.util.prefs.FileSystemPreferences syncWorld
2024-09-25 09:18:09,991 [ERROR] LogOutputStream:75 - [STDERR_REDIRECT] WARNING: Couldn't flush system prefs: java.util.prefs.BackingStoreException: Couldn't get file lock.
2024-09-25 09:18:09,991 [ERROR] LogOutputStream:75 - [STDERR_REDIRECT] 
2024-09-25 09:18:39,989 [ERROR] LogOutputStream:75 - [STDERR_REDIRECT] Sep 25, 2024 9:18:39 AM java.util.prefs.FileSystemPreferences checkLockFile0ErrorCode
2024-09-25 09:18:39,989 [ERROR] LogOutputStream:75 - [STDERR_REDIRECT] WARNING: Could not lock System prefs. Unix error code 2.
2024-09-25 09:18:39,990 [ERROR] LogOutputStream:75 - [STDERR_REDIRECT] 
2024-09-25 09:18:39,990 [ERROR] LogOutputStream:75 - [STDERR_REDIRECT] Sep 25, 2024 9:18:39 AM java.util.prefs.FileSystemPreferences syncWorld
2024-09-25 09:18:39,990 [ERROR] LogOutputStream:75 - [STDERR_REDIRECT] WARNING: Couldn't flush system prefs: java.util.prefs.BackingStoreException: Couldn't get file lock.
2024-09-25 09:18:39,991 [ERROR] LogOutputStream:75 - [STDERR_REDIRECT] 
2024-09-25 09:19:09,988 [ERROR] LogOutputStream:75 - [STDERR_REDIRECT] Sep 25, 2024 9:19:09 AM java.util.prefs.FileSystemPreferences checkLockFile0ErrorCode
2024-09-25 09:19:09,988 [ERROR] LogOutputStream:75 - [STDERR_REDIRECT] WARNING: Could not lock System prefs. Unix error code 2.
2024-09-25 09:19:09,989 [ERROR] LogOutputStream:75 - [STDERR_REDIRECT] 
2024-09-25 09:19:09,989 [ERROR] LogOutputStream:75 - [STDERR_REDIRECT] Sep 25, 2024 9:19:09 AM java.util.prefs.FileSystemPreferences syncWorld
2024-09-25 09:19:09,989 [ERROR] LogOutputStream:75 - [STDERR_REDIRECT] WARNING: Couldn't flush system prefs: java.util.prefs.BackingStoreException: Couldn't get file lock.
2024-09-25 09:19:09,990 [ERROR] LogOutputStream:75 - [STDERR_REDIRECT] 
2024-09-25 09:19:39,988 [ERROR] LogOutputStream:75 - [STDERR_REDIRECT] Sep 25, 2024 9:19:39 AM java.util.prefs.FileSystemPreferences checkLockFile0ErrorCode
2024-09-25 09:19:39,989 [ERROR] LogOutputStream:75 - [STDERR_REDIRECT] WARNING: Could not lock System prefs. Unix error code 2.
2024-09-25 09:19:39,989 [ERROR] LogOutputStream:75 - [STDERR_REDIRECT] 
2024-09-25 09:19:39,989 [ERROR] LogOutputStream:75 - [STDERR_REDIRECT] Sep 25, 2024 9:19:39 AM java.util.prefs.FileSystemPreferences syncWorld
2024-09-25 09:19:39,990 [ERROR] LogOutputStream:75 - [STDERR_REDIRECT] WARNING: Couldn't flush system prefs: java.util.prefs.BackingStoreException: Couldn't get file lock.
2024-09-25 09:19:39,990 [ERROR] LogOutputStream:75 - [STDERR_REDIRECT] 
2024-09-25 09:20:09,988 [ERROR] LogOutputStream:75 - [STDERR_REDIRECT] Sep 25, 2024 9:20:09 AM java.util.prefs.FileSystemPreferences checkLockFile0ErrorCode
2024-09-25 09:20:09,989 [ERROR] LogOutputStream:75 - [STDERR_REDIRECT] WARNING: Could not lock System prefs. Unix error code 2.
2024-09-25 09:20:09,990 [ERROR] LogOutputStream:75 - [STDERR_REDIRECT] 
2024-09-25 09:20:09,991 [ERROR] LogOutputStream:75 - [STDERR_REDIRECT] Sep 25, 2024 9:20:09 AM java.util.prefs.FileSystemPreferences syncWorld
2024-09-25 09:20:09,991 [ERROR] LogOutputStream:75 - [STDERR_REDIRECT] WARNING: Couldn't flush system prefs: java.util.prefs.BackingStoreException: Couldn't get file lock.
2024-09-25 09:20:09,992 [ERROR] LogOutputStream:75 - [STDERR_REDIRECT] 
2024-09-25 09:20:39,988 [ERROR] LogOutputStream:75 - [STDERR_REDIRECT] Sep 25, 2024 9:20:39 AM java.util.prefs.FileSystemPreferences checkLockFile0ErrorCode
2024-09-25 09:20:39,989 [ERROR] LogOutputStream:75 - [STDERR_REDIRECT] WARNING: Could not lock System prefs. Unix error code 2.
2024-09-25 09:20:39,989 [ERROR] LogOutputStream:75 - [STDERR_REDIRECT] 
2024-09-25 09:20:39,989 [ERROR] LogOutputStream:75 - [STDERR_REDIRECT] Sep 25, 2024 9:20:39 AM java.util.prefs.FileSystemPreferences syncWorld
2024-09-25 09:20:39,990 [ERROR] LogOutputStream:75 - [STDERR_REDIRECT] WARNING: Couldn't flush system prefs: java.util.prefs.BackingStoreException: Couldn't get file lock.
2024-09-25 09:20:39,990 [ERROR] LogOutputStream:75 - [STDERR_REDIRECT] 
2024-09-25 09:21:09,988 [ERROR] LogOutputStream:75 - [STDERR_REDIRECT] Sep 25, 2024 9:21:09 AM java.util.prefs.FileSystemPreferences checkLockFile0ErrorCode
2024-09-25 09:21:09,989 [ERROR] LogOutputStream:75 - [STDERR_REDIRECT] WARNING: Could not lock System prefs. Unix error code 2.
2024-09-25 09:21:09,989 [ERROR] LogOutputStream:75 - [STDERR_REDIRECT] 
2024-09-25 09:21:09,989 [ERROR] LogOutputStream:75 - [STDERR_REDIRECT] Sep 25, 2024 9:21:09 AM java.util.prefs.FileSystemPreferences syncWorld
2024-09-25 09:21:09,990 [ERROR] LogOutputStream:75 - [STDERR_REDIRECT] WARNING: Couldn't flush system prefs: java.util.prefs.BackingStoreException: Couldn't get file lock.
2024-09-25 09:21:09,990 [ERROR] LogOutputStream:75 - [STDERR_REDIRECT] 
2024-09-25 09:21:39,989 [ERROR] LogOutputStream:75 - [STDERR_REDIRECT] Sep 25, 2024 9:21:39 AM java.util.prefs.FileSystemPreferences checkLockFile0ErrorCode
2024-09-25 09:21:39,989 [ERROR] LogOutputStream:75 - [STDERR_REDIRECT] WARNING: Could not lock System prefs. Unix error code 2.
2024-09-25 09:21:39,989 [ERROR] LogOutputStream:75 - [STDERR_REDIRECT] 
2024-09-25 09:21:39,990 [ERROR] LogOutputStream:75 - [STDERR_REDIRECT] Sep 25, 2024 9:21:39 AM java.util.prefs.FileSystemPreferences syncWorld
2024-09-25 09:21:39,990 [ERROR] LogOutputStream:75 - [STDERR_REDIRECT] WARNING: Couldn't flush system prefs: java.util.prefs.BackingStoreException: Couldn't get file lock.
2024-09-25 09:21:39,990 [ERROR] LogOutputStream:75 - [STDERR_REDIRECT] 
2024-09-25 09:22:09,988 [ERROR] LogOutputStream:75 - [STDERR_REDIRECT] Sep 25, 2024 9:22:09 AM java.util.prefs.FileSystemPreferences checkLockFile0ErrorCode
2024-09-25 09:22:09,989 [ERROR] LogOutputStream:75 - [STDERR_REDIRECT] WARNING: Could not lock System prefs. Unix error code 2.
2024-09-25 09:22:09,989 [ERROR] LogOutputStream:75 - [STDERR_REDIRECT] 
2024-09-25 09:22:09,990 [ERROR] LogOutputStream:75 - [STDERR_REDIRECT] Sep 25, 2024 9:22:09 AM java.util.prefs.FileSystemPreferences syncWorld
2024-09-25 09:22:09,990 [ERROR] LogOutputStream:75 - [STDERR_REDIRECT] WARNING: Couldn't flush system prefs: java.util.prefs.BackingStoreException: Couldn't get file lock.
2024-09-25 09:22:09,990 [ERROR] LogOutputStream:75 - [STDERR_REDIRECT] 
2024-09-25 09:22:39,988 [ERROR] LogOutputStream:75 - [STDERR_REDIRECT] Sep 25, 2024 9:22:39 AM java.util.prefs.FileSystemPreferences checkLockFile0ErrorCode
2024-09-25 09:22:39,988 [ERROR] LogOutputStream:75 - [STDERR_REDIRECT] WARNING: Could not lock System prefs. Unix error code 2.
2024-09-25 09:22:39,989 [ERROR] LogOutputStream:75 - [STDERR_REDIRECT] 
2024-09-25 09:22:39,989 [ERROR] LogOutputStream:75 - [STDERR_REDIRECT] Sep 25, 2024 9:22:39 AM java.util.prefs.FileSystemPreferences syncWorld
2024-09-25 09:22:39,990 [ERROR] LogOutputStream:75 - [STDERR_REDIRECT] WARNING: Couldn't flush system prefs: java.util.prefs.BackingStoreException: Couldn't get file lock.
2024-09-25 09:22:39,990 [ERROR] LogOutputStream:75 - [STDERR_REDIRECT] 
2024-09-25 09:23:09,988 [ERROR] LogOutputStream:75 - [STDERR_REDIRECT] Sep 25, 2024 9:23:09 AM java.util.prefs.FileSystemPreferences checkLockFile0ErrorCode
2024-09-25 09:23:09,988 [ERROR] LogOutputStream:75 - [STDERR_REDIRECT] WARNING: Could not lock System prefs. Unix error code 2.
2024-09-25 09:23:09,989 [ERROR] LogOutputStream:75 - [STDERR_REDIRECT] 
2024-09-25 09:23:09,989 [ERROR] LogOutputStream:75 - [STDERR_REDIRECT] Sep 25, 2024 9:23:09 AM java.util.prefs.FileSystemPreferences syncWorld
2024-09-25 09:23:09,989 [ERROR] LogOutputStream:75 - [STDERR_REDIRECT] WARNING: Couldn't flush system prefs: java.util.prefs.BackingStoreException: Couldn't get file lock.
2024-09-25 09:23:09,990 [ERROR] LogOutputStream:75 - [STDERR_REDIRECT] 
2024-09-25 09:23:39,989 [ERROR] LogOutputStream:75 - [STDERR_REDIRECT] Sep 25, 2024 9:23:39 AM java.util.prefs.FileSystemPreferences checkLockFile0ErrorCode
2024-09-25 09:23:39,989 [ERROR] LogOutputStream:75 - [STDERR_REDIRECT] WARNING: Could not lock System prefs. Unix error code 2.
2024-09-25 09:23:39,990 [ERROR] LogOutputStream:75 - [STDERR_REDIRECT] 
2024-09-25 09:23:39,990 [ERROR] LogOutputStream:75 - [STDERR_REDIRECT] Sep 25, 2024 9:23:39 AM java.util.prefs.FileSystemPreferences syncWorld
2024-09-25 09:23:39,991 [ERROR] LogOutputStream:75 - [STDERR_REDIRECT] WARNING: Couldn't flush system prefs: java.util.prefs.BackingStoreException: Couldn't get file lock.
2024-09-25 09:23:39,991 [ERROR] LogOutputStream:75 - [STDERR_REDIRECT] 
2024-09-25 09:24:09,990 [ERROR] LogOutputStream:75 - [STDERR_REDIRECT] Sep 25, 2024 9:24:09 AM java.util.prefs.FileSystemPreferences checkLockFile0ErrorCode
2024-09-25 09:24:09,990 [ERROR] LogOutputStream:75 - [STDERR_REDIRECT] WARNING: Could not lock System prefs. Unix error code 2.
2024-09-25 09:24:09,992 [ERROR] LogOutputStream:75 - [STDERR_REDIRECT] 
2024-09-25 09:24:09,992 [ERROR] LogOutputStream:75 - [STDERR_REDIRECT] Sep 25, 2024 9:24:09 AM java.util.prefs.FileSystemPreferences syncWorld
2024-09-25 09:24:09,993 [ERROR] LogOutputStream:75 - [STDERR_REDIRECT] WARNING: Couldn't flush system prefs: java.util.prefs.BackingStoreException: Couldn't get file lock.
2024-09-25 09:24:09,993 [ERROR] LogOutputStream:75 - [STDERR_REDIRECT] 
2024-09-25 09:24:39,990 [ERROR] LogOutputStream:75 - [STDERR_REDIRECT] Sep 25, 2024 9:24:39 AM java.util.prefs.FileSystemPreferences checkLockFile0ErrorCode
2024-09-25 09:24:39,991 [ERROR] LogOutputStream:75 - [STDERR_REDIRECT] WARNING: Could not lock System prefs. Unix error code 2.
2024-09-25 09:24:39,991 [ERROR] LogOutputStream:75 - [STDERR_REDIRECT] 
2024-09-25 09:24:39,992 [ERROR] LogOutputStream:75 - [STDERR_REDIRECT] Sep 25, 2024 9:24:39 AM java.util.prefs.FileSystemPreferences syncWorld
2024-09-25 09:24:39,992 [ERROR] LogOutputStream:75 - [STDERR_REDIRECT] WARNING: Couldn't flush system prefs: java.util.prefs.BackingStoreException: Couldn't get file lock.
2024-09-25 09:24:39,992 [ERROR] LogOutputStream:75 - [STDERR_REDIRECT] 
2024-09-25 09:25:09,990 [ERROR] LogOutputStream:75 - [STDERR_REDIRECT] Sep 25, 2024 9:25:09 AM java.util.prefs.FileSystemPreferences checkLockFile0ErrorCode
2024-09-25 09:25:09,990 [ERROR] LogOutputStream:75 - [STDERR_REDIRECT] WARNING: Could not lock System prefs. Unix error code 2.
2024-09-25 09:25:09,990 [ERROR] LogOutputStream:75 - [STDERR_REDIRECT] 
2024-09-25 09:25:09,991 [ERROR] LogOutputStream:75 - [STDERR_REDIRECT] Sep 25, 2024 9:25:09 AM java.util.prefs.FileSystemPreferences syncWorld
2024-09-25 09:25:09,991 [ERROR] LogOutputStream:75 - [STDERR_REDIRECT] WARNING: Couldn't flush system prefs: java.util.prefs.BackingStoreException: Couldn't get file lock.
2024-09-25 09:25:09,991 [ERROR] LogOutputStream:75 - [STDERR_REDIRECT] 
2024-09-25 09:25:39,991 [ERROR] LogOutputStream:75 - [STDERR_REDIRECT] Sep 25, 2024 9:25:39 AM java.util.prefs.FileSystemPreferences checkLockFile0ErrorCode
2024-09-25 09:25:39,991 [ERROR] LogOutputStream:75 - [STDERR_REDIRECT] WARNING: Could not lock System prefs. Unix error code 2.
2024-09-25 09:25:39,992 [ERROR] LogOutputStream:75 - [STDERR_REDIRECT] 
2024-09-25 09:25:39,992 [ERROR] LogOutputStream:75 - [STDERR_REDIRECT] Sep 25, 2024 9:25:39 AM java.util.prefs.FileSystemPreferences syncWorld
2024-09-25 09:25:39,993 [ERROR] LogOutputStream:75 - [STDERR_REDIRECT] WARNING: Couldn't flush system prefs: java.util.prefs.BackingStoreException: Couldn't get file lock.
2024-09-25 09:25:39,993 [ERROR] LogOutputStream:75 - [STDERR_REDIRECT] 
2024-09-25 09:26:09,992 [ERROR] LogOutputStream:75 - [STDERR_REDIRECT] Sep 25, 2024 9:26:09 AM java.util.prefs.FileSystemPreferences checkLockFile0ErrorCode
2024-09-25 09:26:09,992 [ERROR] LogOutputStream:75 - [STDERR_REDIRECT] WARNING: Could not lock System prefs. Unix error code 2.
2024-09-25 09:26:09,993 [ERROR] LogOutputStream:75 - [STDERR_REDIRECT] 
2024-09-25 09:26:09,993 [ERROR] LogOutputStream:75 - [STDERR_REDIRECT] Sep 25, 2024 9:26:09 AM java.util.prefs.FileSystemPreferences syncWorld
2024-09-25 09:26:09,994 [ERROR] LogOutputStream:75 - [STDERR_REDIRECT] WARNING: Couldn't flush system prefs: java.util.prefs.BackingStoreException: Couldn't get file lock.
2024-09-25 09:26:09,994 [ERROR] LogOutputStream:75 - [STDERR_REDIRECT] 
2024-09-25 09:26:39,991 [ERROR] LogOutputStream:75 - [STDERR_REDIRECT] Sep 25, 2024 9:26:39 AM java.util.prefs.FileSystemPreferences checkLockFile0ErrorCode
2024-09-25 09:26:39,991 [ERROR] LogOutputStream:75 - [STDERR_REDIRECT] WARNING: Could not lock System prefs. Unix error code 2.
2024-09-25 09:26:39,991 [ERROR] LogOutputStream:75 - [STDERR_REDIRECT] 
2024-09-25 09:26:39,992 [ERROR] LogOutputStream:75 - [STDERR_REDIRECT] Sep 25, 2024 9:26:39 AM java.util.prefs.FileSystemPreferences syncWorld
2024-09-25 09:26:39,992 [ERROR] LogOutputStream:75 - [STDERR_REDIRECT] WARNING: Couldn't flush system prefs: java.util.prefs.BackingStoreException: Couldn't get file lock.
2024-09-25 09:26:39,992 [ERROR] LogOutputStream:75 - [STDERR_REDIRECT] 
2024-09-25 09:27:09,990 [ERROR] LogOutputStream:75 - [STDERR_REDIRECT] Sep 25, 2024 9:27:09 AM java.util.prefs.FileSystemPreferences checkLockFile0ErrorCode
2024-09-25 09:27:09,990 [ERROR] LogOutputStream:75 - [STDERR_REDIRECT] WARNING: Could not lock System prefs. Unix error code 2.
2024-09-25 09:27:09,991 [ERROR] LogOutputStream:75 - [STDERR_REDIRECT] 
2024-09-25 09:27:09,992 [ERROR] LogOutputStream:75 - [STDERR_REDIRECT] Sep 25, 2024 9:27:09 AM java.util.prefs.FileSystemPreferences syncWorld
2024-09-25 09:27:09,992 [ERROR] LogOutputStream:75 - [STDERR_REDIRECT] WARNING: Couldn't flush system prefs: java.util.prefs.BackingStoreException: Couldn't get file lock.
2024-09-25 09:27:09,992 [ERROR] LogOutputStream:75 - [STDERR_REDIRECT] 
2024-09-25 09:27:39,990 [ERROR] LogOutputStream:75 - [STDERR_REDIRECT] Sep 25, 2024 9:27:39 AM java.util.prefs.FileSystemPreferences checkLockFile0ErrorCode
2024-09-25 09:27:39,990 [ERROR] LogOutputStream:75 - [STDERR_REDIRECT] WARNING: Could not lock System prefs. Unix error code 2.
2024-09-25 09:27:39,991 [ERROR] LogOutputStream:75 - [STDERR_REDIRECT] 
2024-09-25 09:27:39,991 [ERROR] LogOutputStream:75 - [STDERR_REDIRECT] Sep 25, 2024 9:27:39 AM java.util.prefs.FileSystemPreferences syncWorld
2024-09-25 09:27:39,991 [ERROR] LogOutputStream:75 - [STDERR_REDIRECT] WARNING: Couldn't flush system prefs: java.util.prefs.BackingStoreException: Couldn't get file lock.
2024-09-25 09:27:39,992 [ERROR] LogOutputStream:75 - [STDERR_REDIRECT] 
2024-09-25 09:28:09,991 [ERROR] LogOutputStream:75 - [STDERR_REDIRECT] Sep 25, 2024 9:28:09 AM java.util.prefs.FileSystemPreferences checkLockFile0ErrorCode
2024-09-25 09:28:09,992 [ERROR] LogOutputStream:75 - [STDERR_REDIRECT] WARNING: Could not lock System prefs. Unix error code 2.
2024-09-25 09:28:09,992 [ERROR] LogOutputStream:75 - [STDERR_REDIRECT] 
2024-09-25 09:28:09,993 [ERROR] LogOutputStream:75 - [STDERR_REDIRECT] Sep 25, 2024 9:28:09 AM java.util.prefs.FileSystemPreferences syncWorld
2024-09-25 09:28:09,993 [ERROR] LogOutputStream:75 - [STDERR_REDIRECT] WARNING: Couldn't flush system prefs: java.util.prefs.BackingStoreException: Couldn't get file lock.
2024-09-25 09:28:09,994 [ERROR] LogOutputStream:75 - [STDERR_REDIRECT] 
2024-09-25 09:28:39,991 [ERROR] LogOutputStream:75 - [STDERR_REDIRECT] Sep 25, 2024 9:28:39 AM java.util.prefs.FileSystemPreferences checkLockFile0ErrorCode
2024-09-25 09:28:39,992 [ERROR] LogOutputStream:75 - [STDERR_REDIRECT] WARNING: Could not lock System prefs. Unix error code 2.
2024-09-25 09:28:39,992 [ERROR] LogOutputStream:75 - [STDERR_REDIRECT] 
2024-09-25 09:28:39,993 [ERROR] LogOutputStream:75 - [STDERR_REDIRECT] Sep 25, 2024 9:28:39 AM java.util.prefs.FileSystemPreferences syncWorld
2024-09-25 09:28:39,993 [ERROR] LogOutputStream:75 - [STDERR_REDIRECT] WARNING: Couldn't flush system prefs: java.util.prefs.BackingStoreException: Couldn't get file lock.
2024-09-25 09:28:39,993 [ERROR] LogOutputStream:75 - [STDERR_REDIRECT] 
2024-09-25 09:29:09,990 [ERROR] LogOutputStream:75 - [STDERR_REDIRECT] Sep 25, 2024 9:29:09 AM java.util.prefs.FileSystemPreferences checkLockFile0ErrorCode
2024-09-25 09:29:09,990 [ERROR] LogOutputStream:75 - [STDERR_REDIRECT] WARNING: Could not lock System prefs. Unix error code 2.
2024-09-25 09:29:09,990 [ERROR] LogOutputStream:75 - [STDERR_REDIRECT] 
2024-09-25 09:29:09,991 [ERROR] LogOutputStream:75 - [STDERR_REDIRECT] Sep 25, 2024 9:29:09 AM java.util.prefs.FileSystemPreferences syncWorld
2024-09-25 09:29:09,991 [ERROR] LogOutputStream:75 - [STDERR_REDIRECT] WARNING: Couldn't flush system prefs: java.util.prefs.BackingStoreException: Couldn't get file lock.
2024-09-25 09:29:09,992 [ERROR] LogOutputStream:75 - [STDERR_REDIRECT] 
2024-09-25 09:29:39,990 [ERROR] LogOutputStream:75 - [STDERR_REDIRECT] Sep 25, 2024 9:29:39 AM java.util.prefs.FileSystemPreferences checkLockFile0ErrorCode
2024-09-25 09:29:39,991 [ERROR] LogOutputStream:75 - [STDERR_REDIRECT] WARNING: Could not lock System prefs. Unix error code 2.
2024-09-25 09:29:39,991 [ERROR] LogOutputStream:75 - [STDERR_REDIRECT] 
2024-09-25 09:29:39,991 [ERROR] LogOutputStream:75 - [STDERR_REDIRECT] Sep 25, 2024 9:29:39 AM java.util.prefs.FileSystemPreferences syncWorld
2024-09-25 09:29:39,992 [ERROR] LogOutputStream:75 - [STDERR_REDIRECT] WARNING: Couldn't flush system prefs: java.util.prefs.BackingStoreException: Couldn't get file lock.
2024-09-25 09:29:39,992 [ERROR] LogOutputStream:75 - [STDERR_REDIRECT] 
2024-09-25 09:30:09,991 [ERROR] LogOutputStream:75 - [STDERR_REDIRECT] Sep 25, 2024 9:30:09 AM java.util.prefs.FileSystemPreferences checkLockFile0ErrorCode
2024-09-25 09:30:09,991 [ERROR] LogOutputStream:75 - [STDERR_REDIRECT] WARNING: Could not lock System prefs. Unix error code 2.
2024-09-25 09:30:09,992 [ERROR] LogOutputStream:75 - [STDERR_REDIRECT] 
2024-09-25 09:30:09,992 [ERROR] LogOutputStream:75 - [STDERR_REDIRECT] Sep 25, 2024 9:30:09 AM java.util.prefs.FileSystemPreferences syncWorld
2024-09-25 09:30:09,993 [ERROR] LogOutputStream:75 - [STDERR_REDIRECT] WARNING: Couldn't flush system prefs: java.util.prefs.BackingStoreException: Couldn't get file lock.
2024-09-25 09:30:09,993 [ERROR] LogOutputStream:75 - [STDERR_REDIRECT] 
2024-09-25 09:30:39,991 [ERROR] LogOutputStream:75 - [STDERR_REDIRECT] Sep 25, 2024 9:30:39 AM java.util.prefs.FileSystemPreferences checkLockFile0ErrorCode
2024-09-25 09:30:39,991 [ERROR] LogOutputStream:75 - [STDERR_REDIRECT] WARNING: Could not lock System prefs. Unix error code 2.
2024-09-25 09:30:39,992 [ERROR] LogOutputStream:75 - [STDERR_REDIRECT] 
2024-09-25 09:30:39,992 [ERROR] LogOutputStream:75 - [STDERR_REDIRECT] Sep 25, 2024 9:30:39 AM java.util.prefs.FileSystemPreferences syncWorld
2024-09-25 09:30:39,993 [ERROR] LogOutputStream:75 - [STDERR_REDIRECT] WARNING: Couldn't flush system prefs: java.util.prefs.BackingStoreException: Couldn't get file lock.
2024-09-25 09:30:39,993 [ERROR] LogOutputStream:75 - [STDERR_REDIRECT] 
2024-09-25 09:31:09,990 [ERROR] LogOutputStream:75 - [STDERR_REDIRECT] Sep 25, 2024 9:31:09 AM java.util.prefs.FileSystemPreferences checkLockFile0ErrorCode
2024-09-25 09:31:09,991 [ERROR] LogOutputStream:75 - [STDERR_REDIRECT] WARNING: Could not lock System prefs. Unix error code 2.
2024-09-25 09:31:09,991 [ERROR] LogOutputStream:75 - [STDERR_REDIRECT] 
2024-09-25 09:31:09,992 [ERROR] LogOutputStream:75 - [STDERR_REDIRECT] Sep 25, 2024 9:31:09 AM java.util.prefs.FileSystemPreferences syncWorld
2024-09-25 09:31:09,992 [ERROR] LogOutputStream:75 - [STDERR_REDIRECT] WARNING: Couldn't flush system prefs: java.util.prefs.BackingStoreException: Couldn't get file lock.
2024-09-25 09:31:09,992 [ERROR] LogOutputStream:75 - [STDERR_REDIRECT] 
2024-09-25 09:31:39,990 [ERROR] LogOutputStream:75 - [STDERR_REDIRECT] Sep 25, 2024 9:31:39 AM java.util.prefs.FileSystemPreferences checkLockFile0ErrorCode
2024-09-25 09:31:39,991 [ERROR] LogOutputStream:75 - [STDERR_REDIRECT] WARNING: Could not lock System prefs. Unix error code 2.
2024-09-25 09:31:39,991 [ERROR] LogOutputStream:75 - [STDERR_REDIRECT] 
2024-09-25 09:31:39,992 [ERROR] LogOutputStream:75 - [STDERR_REDIRECT] Sep 25, 2024 9:31:39 AM java.util.prefs.FileSystemPreferences syncWorld
2024-09-25 09:31:39,992 [ERROR] LogOutputStream:75 - [STDERR_REDIRECT] WARNING: Couldn't flush system prefs: java.util.prefs.BackingStoreException: Couldn't get file lock.
2024-09-25 09:31:39,992 [ERROR] LogOutputStream:75 - [STDERR_REDIRECT] 
2024-09-25 09:32:09,990 [ERROR] LogOutputStream:75 - [STDERR_REDIRECT] Sep 25, 2024 9:32:09 AM java.util.prefs.FileSystemPreferences checkLockFile0ErrorCode
2024-09-25 09:32:09,990 [ERROR] LogOutputStream:75 - [STDERR_REDIRECT] WARNING: Could not lock System prefs. Unix error code 2.
2024-09-25 09:32:09,991 [ERROR] LogOutputStream:75 - [STDERR_REDIRECT] 
2024-09-25 09:32:09,991 [ERROR] LogOutputStream:75 - [STDERR_REDIRECT] Sep 25, 2024 9:32:09 AM java.util.prefs.FileSystemPreferences syncWorld
2024-09-25 09:32:09,991 [ERROR] LogOutputStream:75 - [STDERR_REDIRECT] WARNING: Couldn't flush system prefs: java.util.prefs.BackingStoreException: Couldn't get file lock.
2024-09-25 09:32:09,992 [ERROR] LogOutputStream:75 - [STDERR_REDIRECT] 
2024-09-25 09:32:39,990 [ERROR] LogOutputStream:75 - [STDERR_REDIRECT] Sep 25, 2024 9:32:39 AM java.util.prefs.FileSystemPreferences checkLockFile0ErrorCode
2024-09-25 09:32:39,990 [ERROR] LogOutputStream:75 - [STDERR_REDIRECT] WARNING: Could not lock System prefs. Unix error code 2.
2024-09-25 09:32:39,991 [ERROR] LogOutputStream:75 - [STDERR_REDIRECT] 
2024-09-25 09:32:39,991 [ERROR] LogOutputStream:75 - [STDERR_REDIRECT] Sep 25, 2024 9:32:39 AM java.util.prefs.FileSystemPreferences syncWorld
2024-09-25 09:32:39,991 [ERROR] LogOutputStream:75 - [STDERR_REDIRECT] WARNING: Couldn't flush system prefs: java.util.prefs.BackingStoreException: Couldn't get file lock.
2024-09-25 09:32:39,992 [ERROR] LogOutputStream:75 - [STDERR_REDIRECT] 
2024-09-25 09:33:09,990 [ERROR] LogOutputStream:75 - [STDERR_REDIRECT] Sep 25, 2024 9:33:09 AM java.util.prefs.FileSystemPreferences checkLockFile0ErrorCode
2024-09-25 09:33:09,991 [ERROR] LogOutputStream:75 - [STDERR_REDIRECT] WARNING: Could not lock System prefs. Unix error code 2.
2024-09-25 09:33:09,991 [ERROR] LogOutputStream:75 - [STDERR_REDIRECT] 
2024-09-25 09:33:09,992 [ERROR] LogOutputStream:75 - [STDERR_REDIRECT] Sep 25, 2024 9:33:09 AM java.util.prefs.FileSystemPreferences syncWorld
2024-09-25 09:33:09,993 [ERROR] LogOutputStream:75 - [STDERR_REDIRECT] WARNING: Couldn't flush system prefs: java.util.prefs.BackingStoreException: Couldn't get file lock.
2024-09-25 09:33:09,993 [ERROR] LogOutputStream:75 - [STDERR_REDIRECT] 
2024-09-25 09:33:39,991 [ERROR] LogOutputStream:75 - [STDERR_REDIRECT] Sep 25, 2024 9:33:39 AM java.util.prefs.FileSystemPreferences checkLockFile0ErrorCode
2024-09-25 09:33:39,991 [ERROR] LogOutputStream:75 - [STDERR_REDIRECT] WARNING: Could not lock System prefs. Unix error code 2.
2024-09-25 09:33:39,991 [ERROR] LogOutputStream:75 - [STDERR_REDIRECT] 
2024-09-25 09:33:39,992 [ERROR] LogOutputStream:75 - [STDERR_REDIRECT] Sep 25, 2024 9:33:39 AM java.util.prefs.FileSystemPreferences syncWorld
2024-09-25 09:33:39,992 [ERROR] LogOutputStream:75 - [STDERR_REDIRECT] WARNING: Couldn't flush system prefs: java.util.prefs.BackingStoreException: Couldn't get file lock.
2024-09-25 09:33:39,992 [ERROR] LogOutputStream:75 - [STDERR_REDIRECT] 
2024-09-25 09:34:09,991 [ERROR] LogOutputStream:75 - [STDERR_REDIRECT] Sep 25, 2024 9:34:09 AM java.util.prefs.FileSystemPreferences checkLockFile0ErrorCode
2024-09-25 09:34:09,991 [ERROR] LogOutputStream:75 - [STDERR_REDIRECT] WARNING: Could not lock System prefs. Unix error code 2.
2024-09-25 09:34:09,992 [ERROR] LogOutputStream:75 - [STDERR_REDIRECT] 
2024-09-25 09:34:09,992 [ERROR] LogOutputStream:75 - [STDERR_REDIRECT] Sep 25, 2024 9:34:09 AM java.util.prefs.FileSystemPreferences syncWorld
2024-09-25 09:34:09,992 [ERROR] LogOutputStream:75 - [STDERR_REDIRECT] WARNING: Couldn't flush system prefs: java.util.prefs.BackingStoreException: Couldn't get file lock.
2024-09-25 09:34:09,993 [ERROR] LogOutputStream:75 - [STDERR_REDIRECT] 
2024-09-25 09:34:39,992 [ERROR] LogOutputStream:75 - [STDERR_REDIRECT] Sep 25, 2024 9:34:39 AM java.util.prefs.FileSystemPreferences checkLockFile0ErrorCode
2024-09-25 09:34:39,993 [ERROR] LogOutputStream:75 - [STDERR_REDIRECT] WARNING: Could not lock System prefs. Unix error code 2.
2024-09-25 09:34:39,994 [ERROR] LogOutputStream:75 - [STDERR_REDIRECT] 
2024-09-25 09:34:39,995 [ERROR] LogOutputStream:75 - [STDERR_REDIRECT] Sep 25, 2024 9:34:39 AM java.util.prefs.FileSystemPreferences syncWorld
2024-09-25 09:34:39,995 [ERROR] LogOutputStream:75 - [STDERR_REDIRECT] WARNING: Couldn't flush system prefs: java.util.prefs.BackingStoreException: Couldn't get file lock.
2024-09-25 09:34:39,996 [ERROR] LogOutputStream:75 - [STDERR_REDIRECT] 
2024-09-25 09:35:09,992 [ERROR] LogOutputStream:75 - [STDERR_REDIRECT] Sep 25, 2024 9:35:09 AM java.util.prefs.FileSystemPreferences checkLockFile0ErrorCode
2024-09-25 09:35:09,992 [ERROR] LogOutputStream:75 - [STDERR_REDIRECT] WARNING: Could not lock System prefs. Unix error code 2.
2024-09-25 09:35:09,992 [ERROR] LogOutputStream:75 - [STDERR_REDIRECT] 
2024-09-25 09:35:09,993 [ERROR] LogOutputStream:75 - [STDERR_REDIRECT] Sep 25, 2024 9:35:09 AM java.util.prefs.FileSystemPreferences syncWorld
2024-09-25 09:35:09,993 [ERROR] LogOutputStream:75 - [STDERR_REDIRECT] WARNING: Couldn't flush system prefs: java.util.prefs.BackingStoreException: Couldn't get file lock.
2024-09-25 09:35:09,994 [ERROR] LogOutputStream:75 - [STDERR_REDIRECT] 
2024-09-25 09:35:39,992 [ERROR] LogOutputStream:75 - [STDERR_REDIRECT] Sep 25, 2024 9:35:39 AM java.util.prefs.FileSystemPreferences checkLockFile0ErrorCode
2024-09-25 09:35:39,992 [ERROR] LogOutputStream:75 - [STDERR_REDIRECT] WARNING: Could not lock System prefs. Unix error code 2.
2024-09-25 09:35:39,993 [ERROR] LogOutputStream:75 - [STDERR_REDIRECT] 
2024-09-25 09:35:39,993 [ERROR] LogOutputStream:75 - [STDERR_REDIRECT] Sep 25, 2024 9:35:39 AM java.util.prefs.FileSystemPreferences syncWorld
2024-09-25 09:35:39,993 [ERROR] LogOutputStream:75 - [STDERR_REDIRECT] WARNING: Couldn't flush system prefs: java.util.prefs.BackingStoreException: Couldn't get file lock.
2024-09-25 09:35:39,994 [ERROR] LogOutputStream:75 - [STDERR_REDIRECT] 
2024-09-25 09:36:09,990 [ERROR] LogOutputStream:75 - [STDERR_REDIRECT] Sep 25, 2024 9:36:09 AM java.util.prefs.FileSystemPreferences checkLockFile0ErrorCode
2024-09-25 09:36:09,990 [ERROR] LogOutputStream:75 - [STDERR_REDIRECT] WARNING: Could not lock System prefs. Unix error code 2.
2024-09-25 09:36:09,991 [ERROR] LogOutputStream:75 - [STDERR_REDIRECT] 
2024-09-25 09:36:09,991 [ERROR] LogOutputStream:75 - [STDERR_REDIRECT] Sep 25, 2024 9:36:09 AM java.util.prefs.FileSystemPreferences syncWorld
2024-09-25 09:36:09,991 [ERROR] LogOutputStream:75 - [STDERR_REDIRECT] WARNING: Couldn't flush system prefs: java.util.prefs.BackingStoreException: Couldn't get file lock.
2024-09-25 09:36:09,991 [ERROR] LogOutputStream:75 - [STDERR_REDIRECT] 
2024-09-25 09:36:39,992 [ERROR] LogOutputStream:75 - [STDERR_REDIRECT] Sep 25, 2024 9:36:39 AM java.util.prefs.FileSystemPreferences checkLockFile0ErrorCode
2024-09-25 09:36:39,993 [ERROR] LogOutputStream:75 - [STDERR_REDIRECT] WARNING: Could not lock System prefs. Unix error code 2.
2024-09-25 09:36:39,993 [ERROR] LogOutputStream:75 - [STDERR_REDIRECT] 
2024-09-25 09:36:39,994 [ERROR] LogOutputStream:75 - [STDERR_REDIRECT] Sep 25, 2024 9:36:39 AM java.util.prefs.FileSystemPreferences syncWorld
2024-09-25 09:36:39,994 [ERROR] LogOutputStream:75 - [STDERR_REDIRECT] WARNING: Couldn't flush system prefs: java.util.prefs.BackingStoreException: Couldn't get file lock.
2024-09-25 09:36:39,994 [ERROR] LogOutputStream:75 - [STDERR_REDIRECT] 
2024-09-25 09:37:09,992 [ERROR] LogOutputStream:75 - [STDERR_REDIRECT] Sep 25, 2024 9:37:09 AM java.util.prefs.FileSystemPreferences checkLockFile0ErrorCode
2024-09-25 09:37:09,992 [ERROR] LogOutputStream:75 - [STDERR_REDIRECT] WARNING: Could not lock System prefs. Unix error code 2.
2024-09-25 09:37:09,998 [ERROR] LogOutputStream:75 - [STDERR_REDIRECT] 
2024-09-25 09:37:09,998 [ERROR] LogOutputStream:75 - [STDERR_REDIRECT] Sep 25, 2024 9:37:09 AM java.util.prefs.FileSystemPreferences syncWorld
2024-09-25 09:37:09,999 [ERROR] LogOutputStream:75 - [STDERR_REDIRECT] WARNING: Couldn't flush system prefs: java.util.prefs.BackingStoreException: Couldn't get file lock.
2024-09-25 09:37:09,999 [ERROR] LogOutputStream:75 - [STDERR_REDIRECT] 
2024-09-25 09:37:39,991 [ERROR] LogOutputStream:75 - [STDERR_REDIRECT] Sep 25, 2024 9:37:39 AM java.util.prefs.FileSystemPreferences checkLockFile0ErrorCode
2024-09-25 09:37:39,992 [ERROR] LogOutputStream:75 - [STDERR_REDIRECT] WARNING: Could not lock System prefs. Unix error code 2.
2024-09-25 09:37:39,993 [ERROR] LogOutputStream:75 - [STDERR_REDIRECT] 
2024-09-25 09:37:39,994 [ERROR] LogOutputStream:75 - [STDERR_REDIRECT] Sep 25, 2024 9:37:39 AM java.util.prefs.FileSystemPreferences syncWorld
2024-09-25 09:37:39,994 [ERROR] LogOutputStream:75 - [STDERR_REDIRECT] WARNING: Couldn't flush system prefs: java.util.prefs.BackingStoreException: Couldn't get file lock.
2024-09-25 09:37:39,994 [ERROR] LogOutputStream:75 - [STDERR_REDIRECT] 
2024-09-25 09:38:09,995 [ERROR] LogOutputStream:75 - [STDERR_REDIRECT] Sep 25, 2024 9:38:09 AM java.util.prefs.FileSystemPreferences checkLockFile0ErrorCode
2024-09-25 09:38:09,995 [ERROR] LogOutputStream:75 - [STDERR_REDIRECT] WARNING: Could not lock System prefs. Unix error code 2.
2024-09-25 09:38:09,996 [ERROR] LogOutputStream:75 - [STDERR_REDIRECT] 
2024-09-25 09:38:09,996 [ERROR] LogOutputStream:75 - [STDERR_REDIRECT] Sep 25, 2024 9:38:09 AM java.util.prefs.FileSystemPreferences syncWorld
2024-09-25 09:38:09,996 [ERROR] LogOutputStream:75 - [STDERR_REDIRECT] WARNING: Couldn't flush system prefs: java.util.prefs.BackingStoreException: Couldn't get file lock.
2024-09-25 09:38:09,997 [ERROR] LogOutputStream:75 - [STDERR_REDIRECT] 
2024-09-25 09:38:39,992 [ERROR] LogOutputStream:75 - [STDERR_REDIRECT] Sep 25, 2024 9:38:39 AM java.util.prefs.FileSystemPreferences checkLockFile0ErrorCode
2024-09-25 09:38:39,992 [ERROR] LogOutputStream:75 - [STDERR_REDIRECT] WARNING: Could not lock System prefs. Unix error code 2.
2024-09-25 09:38:39,993 [ERROR] LogOutputStream:75 - [STDERR_REDIRECT] 
2024-09-25 09:38:39,994 [ERROR] LogOutputStream:75 - [STDERR_REDIRECT] Sep 25, 2024 9:38:39 AM java.util.prefs.FileSystemPreferences syncWorld
2024-09-25 09:38:39,995 [ERROR] LogOutputStream:75 - [STDERR_REDIRECT] WARNING: Couldn't flush system prefs: java.util.prefs.BackingStoreException: Couldn't get file lock.
2024-09-25 09:38:39,995 [ERROR] LogOutputStream:75 - [STDERR_REDIRECT] 
2024-09-25 09:39:09,992 [ERROR] LogOutputStream:75 - [STDERR_REDIRECT] Sep 25, 2024 9:39:09 AM java.util.prefs.FileSystemPreferences checkLockFile0ErrorCode
2024-09-25 09:39:09,993 [ERROR] LogOutputStream:75 - [STDERR_REDIRECT] WARNING: Could not lock System prefs. Unix error code 2.
2024-09-25 09:39:09,993 [ERROR] LogOutputStream:75 - [STDERR_REDIRECT] 
2024-09-25 09:39:09,994 [ERROR] LogOutputStream:75 - [STDERR_REDIRECT] Sep 25, 2024 9:39:09 AM java.util.prefs.FileSystemPreferences syncWorld
2024-09-25 09:39:09,994 [ERROR] LogOutputStream:75 - [STDERR_REDIRECT] WARNING: Couldn't flush system prefs: java.util.prefs.BackingStoreException: Couldn't get file lock.
2024-09-25 09:39:09,995 [ERROR] LogOutputStream:75 - [STDERR_REDIRECT] 
